<!DOCTYPE html>

<html>
  <head>
  <meta charset='utf-8'>
  <title>TestNG reports</title>

    <link type="text/css" href="testng-reports1.css" rel="stylesheet" id="ultra" />
    <link type="text/css" href="testng-reports.css" rel="stylesheet" id="retro" disabled="false"/>
    <script type="text/javascript" src="jquery.min.js"></script>
    <script type="text/javascript" src="testng-reports.js"></script>
    <script type="text/javascript" src="https://www.google.com/jsapi"></script>
    <script type='text/javascript'>
      google.load('visualization', '1', {packages:['table']});
      google.setOnLoadCallback(drawTable);
      var suiteTableInitFunctions = new Array();
      var suiteTableData = new Array();
    </script>
    <!--
      <script type="text/javascript" src="jquery-ui/js/jquery-ui-1.8.16.custom.min.js"></script>
     -->
  </head>

  <body>
    <div class="top-banner-root">
      <span class="top-banner-title-font">Test results</span>
      <button id="button" class="button">Switch Retro Theme</button> <!-- button -->
      <br/>
      <span class="top-banner-font-1">1 suite, 3 failed tests</span>
    </div> <!-- top-banner-root -->
    <div class="navigator-root">
      <div class="navigator-suite-header">
        <span>All suites</span>
        <a href="#" title="Collapse/expand all the suites" class="collapse-all-link">
          <img src="collapseall.gif" class="collapse-all-icon">
          </img> <!-- collapse-all-icon -->
        </a> <!-- collapse-all-link -->
      </div> <!-- navigator-suite-header -->
      <div class="suite">
        <div class="rounded-window">
          <div class="suite-header light-rounded-window-top">
            <a href="#" panel-name="suite-Suite" class="navigator-link">
              <span class="suite-name border-failed">Suite</span>
            </a> <!-- navigator-link -->
          </div> <!-- suite-header light-rounded-window-top -->
          <div class="navigator-suite-content">
            <div class="suite-section-title">
              <span>Info</span>
            </div> <!-- suite-section-title -->
            <div class="suite-section-content">
              <ul>
                <li>
                  <a href="#" panel-name="test-xml-Suite" class="navigator-link ">
                    <span>D:\qspiders\java eclipse\com.re.Twinlite\parallel execution.xml</span>
                  </a> <!-- navigator-link  -->
                </li>
                <li>
                  <a href="#" panel-name="testlist-Suite" class="navigator-link ">
                    <span class="test-stats">1 test</span>
                  </a> <!-- navigator-link  -->
                </li>
                <li>
                  <a href="#" panel-name="group-Suite" class="navigator-link ">
                    <span>2 groups</span>
                  </a> <!-- navigator-link  -->
                </li>
                <li>
                  <a href="#" panel-name="times-Suite" class="navigator-link ">
                    <span>Times</span>
                  </a> <!-- navigator-link  -->
                </li>
                <li>
                  <a href="#" panel-name="reporter-Suite" class="navigator-link ">
                    <span>Reporter output</span>
                  </a> <!-- navigator-link  -->
                </li>
                <li>
                  <a href="#" panel-name="ignored-methods-Suite" class="navigator-link ">
                    <span>Ignored methods</span>
                  </a> <!-- navigator-link  -->
                </li>
                <li>
                  <a href="#" panel-name="chronological-Suite" class="navigator-link ">
                    <span>Chronological view</span>
                  </a> <!-- navigator-link  -->
                </li>
              </ul>
            </div> <!-- suite-section-content -->
            <div class="result-section">
              <div class="suite-section-title">
                <span>Results</span>
              </div> <!-- suite-section-title -->
              <div class="suite-section-content">
                <ul>
                  <li>
                    <span class="method-stats">5 methods, 3 failed,  2 skipped,  </span>
                  </li>
                  <li>
                    <span class="method-list-title failed">Failed methods</span>
                    <span class="show-or-hide-methods failed">
                      <a href="#" panel-name="suite-Suite" class="hide-methods failed suite-Suite"> (hide)</a> <!-- hide-methods failed suite-Suite -->
                      <a href="#" panel-name="suite-Suite" class="show-methods failed suite-Suite"> (show)</a> <!-- show-methods failed suite-Suite -->
                    </span>
                    <div class="method-list-content failed suite-Suite">
                      <span>
                        <img src="failed.png" width="3%"/>
                        <a href="#" panel-name="suite-Suite" title="com.re.twinliteTest.VerifyThatAdminCanFileAComplaintForTheRegisteredPropertyTest" class="method navigator-link" hash-for-method="VerifyThatAdminCanFileAComplaintForTheRegisteredPropertyTest">VerifyThatAdminCanFileAComplaintForTheRegisteredPropertyTest</a> <!-- method navigator-link -->
                      </span>
                      <br/>
                      <span>
                        <img src="failed.png" width="3%"/>
                        <a href="#" panel-name="suite-Suite" title="com.re.twinliteTest.VerifyThatUserCanEditTheRegisteredPropertyTest" class="method navigator-link" hash-for-method="VerifyThatUserCanEditTheRegisteredPropertyTest">VerifyThatUserCanEditTheRegisteredPropertyTest</a> <!-- method navigator-link -->
                      </span>
                      <br/>
                      <span>
                        <img src="failed.png" width="3%"/>
                        <a href="#" panel-name="suite-Suite" title="com.re.twinliteTest.VerifyTheAdminCanSeeListOfApartmentDetailsOnClickingRoomsForRentButtonTest" class="method navigator-link" hash-for-method="VerifyTheAdminCanSeeListOfApartmentDetailsOnClickingRoomsForRentButtonTest">VerifyTheAdminCanSeeListOfApartmentDetailsOnClickingRoomsForRentButtonTest</a> <!-- method navigator-link -->
                      </span>
                      <br/>
                    </div> <!-- method-list-content failed suite-Suite -->
                  </li>
                  <li>
                    <span class="method-list-title skipped">Retried methods</span>
                    <span class="show-or-hide-methods skipped">
                      <a href="#" panel-name="suite-Suite" class="hide-methods skipped suite-Suite"> (hide)</a> <!-- hide-methods skipped suite-Suite -->
                      <a href="#" panel-name="suite-Suite" class="show-methods skipped suite-Suite"> (show)</a> <!-- show-methods skipped suite-Suite -->
                    </span>
                    <div class="method-list-content skipped suite-Suite">
                      <span>
                        <img src="skipped.png" width="3%"/>
                        <a href="#" panel-name="suite-Suite" title="com.re.twinliteTest.VerifyThatAdminEditTheDetailsOfTheRegisteredPropertyTest" class="method navigator-link" hash-for-method="VerifyThatAdminEditTheDetailsOfTheRegisteredPropertyTest">VerifyThatAdminEditTheDetailsOfTheRegisteredPropertyTest</a> <!-- method navigator-link -->
                      </span>
                      <br/>
                      <span>
                        <img src="skipped.png" width="3%"/>
                        <a href="#" panel-name="suite-Suite" title="com.re.twinliteTest.VerifyThatAdminEditTheDetailsOfTheRegisteredPropertyTest" class="method navigator-link" hash-for-method="VerifyThatAdminEditTheDetailsOfTheRegisteredPropertyTest">VerifyThatAdminEditTheDetailsOfTheRegisteredPropertyTest</a> <!-- method navigator-link -->
                      </span>
                      <br/>
                    </div> <!-- method-list-content skipped suite-Suite -->
                  </li>
                </ul>
              </div> <!-- suite-section-content -->
            </div> <!-- result-section -->
          </div> <!-- navigator-suite-content -->
        </div> <!-- rounded-window -->
      </div> <!-- suite -->
    </div> <!-- navigator-root -->
    <div class="wrapper">
      <div class="main-panel-root">
        <div panel-name="suite-Suite" class="panel Suite">
          <div class="suite-Suite-class-failed">
            <div class="main-panel-header rounded-window-top">
              <img src="failed.png"/>
              <span class="class-name">com.re.twinliteTest.VerifyTheAdminCanSeeListOfApartmentDetailsOnClickingRoomsForRentButtonTest</span>
            </div> <!-- main-panel-header rounded-window-top -->
            <div class="main-panel-content rounded-window-bottom">
              <div class="method">
                <div class="method-content">
                  <a name="VerifyTheAdminCanSeeListOfApartmentDetailsOnClickingRoomsForRentButtonTest">
                  </a> <!-- VerifyTheAdminCanSeeListOfApartmentDetailsOnClickingRoomsForRentButtonTest -->
                  <span class="method-name">VerifyTheAdminCanSeeListOfApartmentDetailsOnClickingRoomsForRentButtonTest</span>
                  <div class="stack-trace">org.openqa.selenium.StaleElementReferenceException: stale element reference: stale element not found
  (Session info: chrome=113.0.5672.127)
For documentation on this error, please visit: https://selenium.dev/exceptions/#stale_element_reference
Build info: version: &apos;4.9.1&apos;, revision: &apos;eb2032df7f&apos;
System info: os.name: &apos;Windows 11&apos;, os.arch: &apos;amd64&apos;, os.version: &apos;10.0&apos;, java.version: &apos;18.0.2&apos;
Driver info: org.openqa.selenium.chrome.ChromeDriver
Command: [fda28b21a48cf5ed3de25c50c8ec4656, clickElement {id=792FAE543C5B1CFAD6E67DC17FA7991C_element_6}]
Capabilities {acceptInsecureCerts: false, browserName: chrome, browserVersion: 113.0.5672.127, chrome: {chromedriverVersion: 113.0.5672.63 (0e1a4471d5ae..., userDataDir: C:\Users\sagar\AppData\Loca...}, goog:chromeOptions: {debuggerAddress: localhost:60690}, networkConnectionEnabled: false, pageLoadStrategy: normal, platformName: windows, proxy: Proxy(), se:cdp: ws://localhost:60690/devtoo..., se:cdpVersion: 113.0.5672.127, setWindowRect: true, strictFileInteractability: false, timeouts: {implicit: 0, pageLoad: 300000, script: 30000}, unhandledPromptBehavior: dismiss and notify, webauthn:extension:credBlob: true, webauthn:extension:largeBlob: true, webauthn:extension:minPinLength: true, webauthn:extension:prf: true, webauthn:virtualAuthenticators: true}
Element: [[ChromeDriver: chrome on windows (fda28b21a48cf5ed3de25c50c8ec4656)] -&gt; xpath: //a[.=&apos;Register&apos;]]
Session ID: fda28b21a48cf5ed3de25c50c8ec4656
	at org.openqa.selenium.remote.codec.w3c.W3CHttpResponseCodec.createException(W3CHttpResponseCodec.java:200)
	at org.openqa.selenium.remote.codec.w3c.W3CHttpResponseCodec.decode(W3CHttpResponseCodec.java:133)
	at org.openqa.selenium.remote.codec.w3c.W3CHttpResponseCodec.decode(W3CHttpResponseCodec.java:53)
	at org.openqa.selenium.remote.HttpCommandExecutor.execute(HttpCommandExecutor.java:193)
	at org.openqa.selenium.remote.service.DriverCommandExecutor.invokeExecute(DriverCommandExecutor.java:183)
	at org.openqa.selenium.remote.service.DriverCommandExecutor.execute(DriverCommandExecutor.java:158)
	at org.openqa.selenium.remote.RemoteWebDriver.execute(RemoteWebDriver.java:543)
	at org.openqa.selenium.remote.RemoteWebElement.execute(RemoteWebElement.java:257)
	at org.openqa.selenium.remote.RemoteWebElement.click(RemoteWebElement.java:78)
	at org.openqa.selenium.support.pagefactory.internal.LocatingElementHandler.invoke(LocatingElementHandler.java:52)
	at jdk.proxy2/jdk.proxy2.$Proxy21.click(Unknown Source)
	at com.re.Twinlite.ObjectRepository.RegisterUserPage.RegisterUser(RegisterUserPage.java:86)
	at com.re.twinliteTest.VerifyTheAdminCanSeeListOfApartmentDetailsOnClickingRoomsForRentButtonTest.VerifyTheAdminCanSeeListOfApartmentDetailsOnClickingRoomsForRentButtonTest(VerifyTheAdminCanSeeListOfApartmentDetailsOnClickingRoomsForRentButtonTest.java:42)
	at java.base/java.util.concurrent.ThreadPoolExecutor.runWorker(ThreadPoolExecutor.java:1136)
	at java.base/java.util.concurrent.ThreadPoolExecutor$Worker.run(ThreadPoolExecutor.java:635)
	at java.base/java.lang.Thread.run(Thread.java:833)
... Removed 15 stack frames
</div> <!-- stack-trace -->
                </div> <!-- method-content -->
              </div> <!-- method -->
            </div> <!-- main-panel-content rounded-window-bottom -->
          </div> <!-- suite-Suite-class-failed -->
          <div class="suite-Suite-class-failed">
            <div class="main-panel-header rounded-window-top">
              <img src="failed.png"/>
              <span class="class-name">com.re.twinliteTest.VerifyThatUserCanEditTheRegisteredPropertyTest</span>
            </div> <!-- main-panel-header rounded-window-top -->
            <div class="main-panel-content rounded-window-bottom">
              <div class="method">
                <div class="method-content">
                  <a name="VerifyThatUserCanEditTheRegisteredPropertyTest">
                  </a> <!-- VerifyThatUserCanEditTheRegisteredPropertyTest -->
                  <span class="method-name">VerifyThatUserCanEditTheRegisteredPropertyTest</span>
                  <div class="stack-trace">org.openqa.selenium.StaleElementReferenceException: stale element reference: stale element not found
  (Session info: chrome=113.0.5672.127)
For documentation on this error, please visit: https://selenium.dev/exceptions/#stale_element_reference
Build info: version: &apos;4.9.1&apos;, revision: &apos;eb2032df7f&apos;
System info: os.name: &apos;Windows 11&apos;, os.arch: &apos;amd64&apos;, os.version: &apos;10.0&apos;, java.version: &apos;18.0.2&apos;
Driver info: org.openqa.selenium.chrome.ChromeDriver
Command: [fda28b21a48cf5ed3de25c50c8ec4656, clickElement {id=792FAE543C5B1CFAD6E67DC17FA7991C_element_6}]
Capabilities {acceptInsecureCerts: false, browserName: chrome, browserVersion: 113.0.5672.127, chrome: {chromedriverVersion: 113.0.5672.63 (0e1a4471d5ae..., userDataDir: C:\Users\sagar\AppData\Loca...}, goog:chromeOptions: {debuggerAddress: localhost:60690}, networkConnectionEnabled: false, pageLoadStrategy: normal, platformName: windows, proxy: Proxy(), se:cdp: ws://localhost:60690/devtoo..., se:cdpVersion: 113.0.5672.127, setWindowRect: true, strictFileInteractability: false, timeouts: {implicit: 0, pageLoad: 300000, script: 30000}, unhandledPromptBehavior: dismiss and notify, webauthn:extension:credBlob: true, webauthn:extension:largeBlob: true, webauthn:extension:minPinLength: true, webauthn:extension:prf: true, webauthn:virtualAuthenticators: true}
Element: [[ChromeDriver: chrome on windows (fda28b21a48cf5ed3de25c50c8ec4656)] -&gt; xpath: //a[.=&apos;Register&apos;]]
Session ID: fda28b21a48cf5ed3de25c50c8ec4656
	at org.openqa.selenium.remote.codec.w3c.W3CHttpResponseCodec.createException(W3CHttpResponseCodec.java:200)
	at org.openqa.selenium.remote.codec.w3c.W3CHttpResponseCodec.decode(W3CHttpResponseCodec.java:133)
	at org.openqa.selenium.remote.codec.w3c.W3CHttpResponseCodec.decode(W3CHttpResponseCodec.java:53)
	at org.openqa.selenium.remote.HttpCommandExecutor.execute(HttpCommandExecutor.java:193)
	at org.openqa.selenium.remote.service.DriverCommandExecutor.invokeExecute(DriverCommandExecutor.java:183)
	at org.openqa.selenium.remote.service.DriverCommandExecutor.execute(DriverCommandExecutor.java:158)
	at org.openqa.selenium.remote.RemoteWebDriver.execute(RemoteWebDriver.java:543)
	at org.openqa.selenium.remote.RemoteWebElement.execute(RemoteWebElement.java:257)
	at org.openqa.selenium.remote.RemoteWebElement.click(RemoteWebElement.java:78)
	at org.openqa.selenium.support.pagefactory.internal.LocatingElementHandler.invoke(LocatingElementHandler.java:52)
	at jdk.proxy2/jdk.proxy2.$Proxy21.click(Unknown Source)
	at com.re.Twinlite.ObjectRepository.RegisterUserPage.RegisterUser(RegisterUserPage.java:86)
	at com.re.twinliteTest.VerifyThatUserCanEditTheRegisteredPropertyTest.VerifyThatUserCanEditTheRegisteredPropertyTest(VerifyThatUserCanEditTheRegisteredPropertyTest.java:60)
	at java.base/java.util.concurrent.ThreadPoolExecutor.runWorker(ThreadPoolExecutor.java:1136)
	at java.base/java.util.concurrent.ThreadPoolExecutor$Worker.run(ThreadPoolExecutor.java:635)
	at java.base/java.lang.Thread.run(Thread.java:833)
... Removed 15 stack frames
</div> <!-- stack-trace -->
                </div> <!-- method-content -->
              </div> <!-- method -->
            </div> <!-- main-panel-content rounded-window-bottom -->
          </div> <!-- suite-Suite-class-failed -->
          <div class="suite-Suite-class-failed">
            <div class="main-panel-header rounded-window-top">
              <img src="failed.png"/>
              <span class="class-name">com.re.twinliteTest.VerifyThatAdminCanFileAComplaintForTheRegisteredPropertyTest</span>
            </div> <!-- main-panel-header rounded-window-top -->
            <div class="main-panel-content rounded-window-bottom">
              <div class="method">
                <div class="method-content">
                  <a name="VerifyThatAdminCanFileAComplaintForTheRegisteredPropertyTest">
                  </a> <!-- VerifyThatAdminCanFileAComplaintForTheRegisteredPropertyTest -->
                  <span class="method-name">VerifyThatAdminCanFileAComplaintForTheRegisteredPropertyTest</span>
                  <div class="stack-trace">org.openqa.selenium.StaleElementReferenceException: stale element reference: stale element not found
  (Session info: chrome=113.0.5672.127)
For documentation on this error, please visit: https://selenium.dev/exceptions/#stale_element_reference
Build info: version: &apos;4.9.1&apos;, revision: &apos;eb2032df7f&apos;
System info: os.name: &apos;Windows 11&apos;, os.arch: &apos;amd64&apos;, os.version: &apos;10.0&apos;, java.version: &apos;18.0.2&apos;
Driver info: org.openqa.selenium.chrome.ChromeDriver
Command: [fda28b21a48cf5ed3de25c50c8ec4656, clickElement {id=792FAE543C5B1CFAD6E67DC17FA7991C_element_6}]
Capabilities {acceptInsecureCerts: false, browserName: chrome, browserVersion: 113.0.5672.127, chrome: {chromedriverVersion: 113.0.5672.63 (0e1a4471d5ae..., userDataDir: C:\Users\sagar\AppData\Loca...}, goog:chromeOptions: {debuggerAddress: localhost:60690}, networkConnectionEnabled: false, pageLoadStrategy: normal, platformName: windows, proxy: Proxy(), se:cdp: ws://localhost:60690/devtoo..., se:cdpVersion: 113.0.5672.127, setWindowRect: true, strictFileInteractability: false, timeouts: {implicit: 0, pageLoad: 300000, script: 30000}, unhandledPromptBehavior: dismiss and notify, webauthn:extension:credBlob: true, webauthn:extension:largeBlob: true, webauthn:extension:minPinLength: true, webauthn:extension:prf: true, webauthn:virtualAuthenticators: true}
Element: [[ChromeDriver: chrome on windows (fda28b21a48cf5ed3de25c50c8ec4656)] -&gt; xpath: //a[.=&apos;Register&apos;]]
Session ID: fda28b21a48cf5ed3de25c50c8ec4656
	at org.openqa.selenium.remote.codec.w3c.W3CHttpResponseCodec.createException(W3CHttpResponseCodec.java:200)
	at org.openqa.selenium.remote.codec.w3c.W3CHttpResponseCodec.decode(W3CHttpResponseCodec.java:133)
	at org.openqa.selenium.remote.codec.w3c.W3CHttpResponseCodec.decode(W3CHttpResponseCodec.java:53)
	at org.openqa.selenium.remote.HttpCommandExecutor.execute(HttpCommandExecutor.java:193)
	at org.openqa.selenium.remote.service.DriverCommandExecutor.invokeExecute(DriverCommandExecutor.java:183)
	at org.openqa.selenium.remote.service.DriverCommandExecutor.execute(DriverCommandExecutor.java:158)
	at org.openqa.selenium.remote.RemoteWebDriver.execute(RemoteWebDriver.java:543)
	at org.openqa.selenium.remote.RemoteWebElement.execute(RemoteWebElement.java:257)
	at org.openqa.selenium.remote.RemoteWebElement.click(RemoteWebElement.java:78)
	at org.openqa.selenium.support.pagefactory.internal.LocatingElementHandler.invoke(LocatingElementHandler.java:52)
	at jdk.proxy2/jdk.proxy2.$Proxy21.click(Unknown Source)
	at com.re.Twinlite.ObjectRepository.RegisterUserPage.RegisterUser(RegisterUserPage.java:86)
	at com.re.twinliteTest.VerifyThatAdminCanFileAComplaintForTheRegisteredPropertyTest.VerifyThatAdminCanFileAComplaintForTheRegisteredPropertyTest(VerifyThatAdminCanFileAComplaintForTheRegisteredPropertyTest.java:52)
	at java.base/java.util.concurrent.ThreadPoolExecutor.runWorker(ThreadPoolExecutor.java:1136)
	at java.base/java.util.concurrent.ThreadPoolExecutor$Worker.run(ThreadPoolExecutor.java:635)
	at java.base/java.lang.Thread.run(Thread.java:833)
... Removed 15 stack frames
</div> <!-- stack-trace -->
                </div> <!-- method-content -->
              </div> <!-- method -->
            </div> <!-- main-panel-content rounded-window-bottom -->
          </div> <!-- suite-Suite-class-failed -->
          <div class="suite-Suite-class-skipped">
            <div class="main-panel-header rounded-window-top">
              <img src="skipped.png"/>
              <span class="class-name">com.re.twinliteTest.VerifyThatAdminEditTheDetailsOfTheRegisteredPropertyTest</span>
            </div> <!-- main-panel-header rounded-window-top -->
            <div class="main-panel-content rounded-window-bottom">
              <div class="method">
                <div class="method-content">
                  <a name="VerifyThatAdminEditTheDetailsOfTheRegisteredPropertyTest">
                  </a> <!-- VerifyThatAdminEditTheDetailsOfTheRegisteredPropertyTest -->
                  <span class="method-name">VerifyThatAdminEditTheDetailsOfTheRegisteredPropertyTest</span>
                  <div class="stack-trace">org.openqa.selenium.NoSuchWindowException: no such window: target window already closed
from unknown error: web view not found
  (Session info: chrome=113.0.5672.127)
Build info: version: &apos;4.9.1&apos;, revision: &apos;eb2032df7f&apos;
System info: os.name: &apos;Windows 11&apos;, os.arch: &apos;amd64&apos;, os.version: &apos;10.0&apos;, java.version: &apos;18.0.2&apos;
Driver info: org.openqa.selenium.chrome.ChromeDriver
Command: [fda28b21a48cf5ed3de25c50c8ec4656, clickElement {id=DE9EC4D900D2C6914347E9369A4B86DF_element_29}]
Capabilities {acceptInsecureCerts: false, browserName: chrome, browserVersion: 113.0.5672.127, chrome: {chromedriverVersion: 113.0.5672.63 (0e1a4471d5ae..., userDataDir: C:\Users\sagar\AppData\Loca...}, goog:chromeOptions: {debuggerAddress: localhost:60690}, networkConnectionEnabled: false, pageLoadStrategy: normal, platformName: windows, proxy: Proxy(), se:cdp: ws://localhost:60690/devtoo..., se:cdpVersion: 113.0.5672.127, setWindowRect: true, strictFileInteractability: false, timeouts: {implicit: 0, pageLoad: 300000, script: 30000}, unhandledPromptBehavior: dismiss and notify, webauthn:extension:credBlob: true, webauthn:extension:largeBlob: true, webauthn:extension:minPinLength: true, webauthn:extension:prf: true, webauthn:virtualAuthenticators: true}
Element: [[ChromeDriver: chrome on windows (fda28b21a48cf5ed3de25c50c8ec4656)] -&gt; xpath: //a[.=&apos;Login&apos;]]
Session ID: fda28b21a48cf5ed3de25c50c8ec4656
	at org.openqa.selenium.remote.codec.w3c.W3CHttpResponseCodec.createException(W3CHttpResponseCodec.java:200)
	at org.openqa.selenium.remote.codec.w3c.W3CHttpResponseCodec.decode(W3CHttpResponseCodec.java:133)
	at org.openqa.selenium.remote.codec.w3c.W3CHttpResponseCodec.decode(W3CHttpResponseCodec.java:53)
	at org.openqa.selenium.remote.HttpCommandExecutor.execute(HttpCommandExecutor.java:193)
	at org.openqa.selenium.remote.service.DriverCommandExecutor.invokeExecute(DriverCommandExecutor.java:183)
	at org.openqa.selenium.remote.service.DriverCommandExecutor.execute(DriverCommandExecutor.java:158)
	at org.openqa.selenium.remote.RemoteWebDriver.execute(RemoteWebDriver.java:543)
	at org.openqa.selenium.remote.RemoteWebElement.execute(RemoteWebElement.java:257)
	at org.openqa.selenium.remote.RemoteWebElement.click(RemoteWebElement.java:78)
	at org.openqa.selenium.support.pagefactory.internal.LocatingElementHandler.invoke(LocatingElementHandler.java:52)
	at jdk.proxy2/jdk.proxy2.$Proxy21.click(Unknown Source)
	at com.re.Twinlite.ObjectRepository.LoginPage.loginAsAdmin(LoginPage.java:59)
	at com.re.twinliteTest.VerifyThatAdminEditTheDetailsOfTheRegisteredPropertyTest.VerifyThatAdminEditTheDetailsOfTheRegisteredPropertyTest(VerifyThatAdminEditTheDetailsOfTheRegisteredPropertyTest.java:46)
	at java.base/java.util.concurrent.ThreadPoolExecutor.runWorker(ThreadPoolExecutor.java:1136)
	at java.base/java.util.concurrent.ThreadPoolExecutor$Worker.run(ThreadPoolExecutor.java:635)
	at java.base/java.lang.Thread.run(Thread.java:833)
... Removed 15 stack frames
</div> <!-- stack-trace -->
                </div> <!-- method-content -->
              </div> <!-- method -->
              <div class="method">
                <div class="method-content">
                  <a name="VerifyThatAdminEditTheDetailsOfTheRegisteredPropertyTest">
                  </a> <!-- VerifyThatAdminEditTheDetailsOfTheRegisteredPropertyTest -->
                  <span class="method-name">VerifyThatAdminEditTheDetailsOfTheRegisteredPropertyTest</span>
                  <div class="stack-trace">org.openqa.selenium.StaleElementReferenceException: stale element reference: stale element not found
  (Session info: chrome=113.0.5672.127)
For documentation on this error, please visit: https://selenium.dev/exceptions/#stale_element_reference
Build info: version: &apos;4.9.1&apos;, revision: &apos;eb2032df7f&apos;
System info: os.name: &apos;Windows 11&apos;, os.arch: &apos;amd64&apos;, os.version: &apos;10.0&apos;, java.version: &apos;18.0.2&apos;
Driver info: org.openqa.selenium.chrome.ChromeDriver
Command: [fda28b21a48cf5ed3de25c50c8ec4656, clickElement {id=792FAE543C5B1CFAD6E67DC17FA7991C_element_7}]
Capabilities {acceptInsecureCerts: false, browserName: chrome, browserVersion: 113.0.5672.127, chrome: {chromedriverVersion: 113.0.5672.63 (0e1a4471d5ae..., userDataDir: C:\Users\sagar\AppData\Loca...}, goog:chromeOptions: {debuggerAddress: localhost:60690}, networkConnectionEnabled: false, pageLoadStrategy: normal, platformName: windows, proxy: Proxy(), se:cdp: ws://localhost:60690/devtoo..., se:cdpVersion: 113.0.5672.127, setWindowRect: true, strictFileInteractability: false, timeouts: {implicit: 0, pageLoad: 300000, script: 30000}, unhandledPromptBehavior: dismiss and notify, webauthn:extension:credBlob: true, webauthn:extension:largeBlob: true, webauthn:extension:minPinLength: true, webauthn:extension:prf: true, webauthn:virtualAuthenticators: true}
Element: [[ChromeDriver: chrome on windows (fda28b21a48cf5ed3de25c50c8ec4656)] -&gt; xpath: //a[.=&apos;Login&apos;]]
Session ID: fda28b21a48cf5ed3de25c50c8ec4656
	at org.openqa.selenium.remote.codec.w3c.W3CHttpResponseCodec.createException(W3CHttpResponseCodec.java:200)
	at org.openqa.selenium.remote.codec.w3c.W3CHttpResponseCodec.decode(W3CHttpResponseCodec.java:133)
	at org.openqa.selenium.remote.codec.w3c.W3CHttpResponseCodec.decode(W3CHttpResponseCodec.java:53)
	at org.openqa.selenium.remote.HttpCommandExecutor.execute(HttpCommandExecutor.java:193)
	at org.openqa.selenium.remote.service.DriverCommandExecutor.invokeExecute(DriverCommandExecutor.java:183)
	at org.openqa.selenium.remote.service.DriverCommandExecutor.execute(DriverCommandExecutor.java:158)
	at org.openqa.selenium.remote.RemoteWebDriver.execute(RemoteWebDriver.java:543)
	at org.openqa.selenium.remote.RemoteWebElement.execute(RemoteWebElement.java:257)
	at org.openqa.selenium.remote.RemoteWebElement.click(RemoteWebElement.java:78)
	at org.openqa.selenium.support.pagefactory.internal.LocatingElementHandler.invoke(LocatingElementHandler.java:52)
	at jdk.proxy2/jdk.proxy2.$Proxy21.click(Unknown Source)
	at com.re.Twinlite.ObjectRepository.LoginPage.loginAsAdmin(LoginPage.java:59)
	at com.re.twinliteTest.VerifyThatAdminEditTheDetailsOfTheRegisteredPropertyTest.VerifyThatAdminEditTheDetailsOfTheRegisteredPropertyTest(VerifyThatAdminEditTheDetailsOfTheRegisteredPropertyTest.java:46)
	at java.base/java.util.concurrent.ThreadPoolExecutor.runWorker(ThreadPoolExecutor.java:1136)
	at java.base/java.util.concurrent.ThreadPoolExecutor$Worker.run(ThreadPoolExecutor.java:635)
	at java.base/java.lang.Thread.run(Thread.java:833)
... Removed 15 stack frames
</div> <!-- stack-trace -->
                </div> <!-- method-content -->
              </div> <!-- method -->
            </div> <!-- main-panel-content rounded-window-bottom -->
          </div> <!-- suite-Suite-class-skipped -->
        </div> <!-- panel Suite -->
        <div panel-name="test-xml-Suite" class="panel">
          <div class="main-panel-header rounded-window-top">
            <span class="header-content">D:\qspiders\java eclipse\com.re.Twinlite\parallel execution.xml</span>
          </div> <!-- main-panel-header rounded-window-top -->
          <div class="main-panel-content rounded-window-bottom">
            <pre>
&lt;?xml version=&quot;1.0&quot; encoding=&quot;UTF-8&quot;?&gt;
&lt;!DOCTYPE suite SYSTEM &quot;https://testng.org/testng-1.0.dtd&quot;&gt;
&lt;suite parallel=&quot;classes&quot; name=&quot;Suite&quot; guice-stage=&quot;DEVELOPMENT&quot;&gt;
  &lt;test thread-count=&quot;5&quot; parallel=&quot;classes&quot; name=&quot;Test&quot;&gt;
    &lt;classes&gt;
      &lt;class name=&quot;com.re.twinliteTest.LU_STC_02&quot;/&gt;
      &lt;class name=&quot;com.re.twinliteTest.VerifyThatAdminCanFileAComplaintForTheRegisteredPropertyTest&quot;/&gt;
      &lt;class name=&quot;com.re.twinliteTest.VerifyThatAdminEditTheDetailsOfTheRegisteredPropertyTest&quot;/&gt;
      &lt;class name=&quot;com.re.twinliteTest.VerifyThatUserCanEditTheRegisteredPropertyTest&quot;/&gt;
      &lt;class name=&quot;com.re.twinliteTest.VerifyTheAdminCanSeeListOfApartmentDetailsOnClickingRoomsForRentButtonTest&quot;/&gt;
      &lt;class name=&quot;com.re.twinliteTest.VerifyTheAdminCanSeeListOfUsersOnClickingRegisteredUsersButtonTest&quot;/&gt;
      &lt;class name=&quot;com.re.twinliteTest.VerifyUserCanEditDetailsAndRiseComplaintTest&quot;/&gt;
    &lt;/classes&gt;
  &lt;/test&gt; &lt;!-- Test --&gt;
&lt;/suite&gt; &lt;!-- Suite --&gt;
            </pre>
          </div> <!-- main-panel-content rounded-window-bottom -->
        </div> <!-- panel -->
        <div panel-name="testlist-Suite" class="panel">
          <div class="main-panel-header rounded-window-top">
            <span class="header-content">Tests for Suite</span>
          </div> <!-- main-panel-header rounded-window-top -->
          <div class="main-panel-content rounded-window-bottom">
            <ul>
              <li>
                <span class="test-name">Test (7 classes)</span>
              </li>
            </ul>
          </div> <!-- main-panel-content rounded-window-bottom -->
        </div> <!-- panel -->
        <div panel-name="group-Suite" class="panel">
          <div class="main-panel-header rounded-window-top">
            <span class="header-content">Groups for Suite</span>
          </div> <!-- main-panel-header rounded-window-top -->
          <div class="main-panel-content rounded-window-bottom">
            <div class="test-group">
              <span class="test-group-name">RegTest</span>
              <br/>
              <div class="method-in-group">
                <span class="method-in-group-name">VerifyThatAdminCanFileAComplaintForTheRegisteredPropertyTest</span>
                <br/>
              </div> <!-- method-in-group -->
            </div> <!-- test-group -->
            <div class="test-group">
              <span class="test-group-name">SmokeTest</span>
              <br/>
              <div class="method-in-group">
                <span class="method-in-group-name">VerifyThatAdminEditTheDetailsOfTheRegisteredPropertyTest</span>
                <br/>
              </div> <!-- method-in-group -->
            </div> <!-- test-group -->
          </div> <!-- main-panel-content rounded-window-bottom -->
        </div> <!-- panel -->
        <div panel-name="times-Suite" class="panel">
          <div class="main-panel-header rounded-window-top">
            <span class="header-content">Times for Suite</span>
          </div> <!-- main-panel-header rounded-window-top -->
          <div class="main-panel-content rounded-window-bottom">
            <div class="times-div">
              <script type="text/javascript">
suiteTableInitFunctions.push('tableData_Suite');
function tableData_Suite() {
var data = new google.visualization.DataTable();
data.addColumn('number', 'Number');
data.addColumn('string', 'Method');
data.addColumn('string', 'Class');
data.addColumn('number', 'Time (ms)');
data.addRows(5);
data.setCell(0, 0, 0)
data.setCell(0, 1, 'VerifyThatAdminEditTheDetailsOfTheRegisteredPropertyTest')
data.setCell(0, 2, 'com.re.twinliteTest.VerifyThatAdminEditTheDetailsOfTheRegisteredPropertyTest')
data.setCell(0, 3, 6738);
data.setCell(1, 0, 1)
data.setCell(1, 1, 'VerifyThatAdminCanFileAComplaintForTheRegisteredPropertyTest')
data.setCell(1, 2, 'com.re.twinliteTest.VerifyThatAdminCanFileAComplaintForTheRegisteredPropertyTest')
data.setCell(1, 3, 939);
data.setCell(2, 0, 2)
data.setCell(2, 1, 'VerifyThatAdminEditTheDetailsOfTheRegisteredPropertyTest')
data.setCell(2, 2, 'com.re.twinliteTest.VerifyThatAdminEditTheDetailsOfTheRegisteredPropertyTest')
data.setCell(2, 3, 927);
data.setCell(3, 0, 3)
data.setCell(3, 1, 'VerifyTheAdminCanSeeListOfApartmentDetailsOnClickingRoomsForRentButtonTest')
data.setCell(3, 2, 'com.re.twinliteTest.VerifyTheAdminCanSeeListOfApartmentDetailsOnClickingRoomsForRentButtonTest')
data.setCell(3, 3, 926);
data.setCell(4, 0, 4)
data.setCell(4, 1, 'VerifyThatUserCanEditTheRegisteredPropertyTest')
data.setCell(4, 2, 'com.re.twinliteTest.VerifyThatUserCanEditTheRegisteredPropertyTest')
data.setCell(4, 3, 926);
window.suiteTableData['Suite']= { tableData: data, tableDiv: 'times-div-Suite'}
return data;
}
              </script>
              <span class="suite-total-time">Total running time: 10 seconds</span>
              <div id="times-div-Suite">
              </div> <!-- times-div-Suite -->
            </div> <!-- times-div -->
          </div> <!-- main-panel-content rounded-window-bottom -->
        </div> <!-- panel -->
        <div panel-name="reporter-Suite" class="panel">
          <div class="main-panel-header rounded-window-top">
            <span class="header-content">Reporter output for Suite</span>
          </div> <!-- main-panel-header rounded-window-top -->
          <div class="main-panel-content rounded-window-bottom">
          </div> <!-- main-panel-content rounded-window-bottom -->
        </div> <!-- panel -->
        <div panel-name="ignored-methods-Suite" class="panel">
          <div class="main-panel-header rounded-window-top">
            <span class="header-content">24 ignored methods</span>
          </div> <!-- main-panel-header rounded-window-top -->
          <div class="main-panel-content rounded-window-bottom">
            <div class="ignored-class-div">
              <span class="ignored-class-name">com.re.twinliteTest.VerifyTheAdminCanSeeListOfApartmentDetailsOnClickingRoomsForRentButtonTest</span>
              <div class="ignored-methods-div">
                <span class="ignored-method-name">config_BS</span>
                <br/>
                <span class="ignored-method-name">config_BC</span>
                <br/>
                <span class="ignored-method-name">config_AS</span>
                <br/>
                <span class="ignored-method-name">config_AC</span>
                <br/>
              </div> <!-- ignored-methods-div -->
            </div> <!-- ignored-class-div -->
            <div class="ignored-class-div">
              <span class="ignored-class-name">com.re.twinliteTest.VerifyUserCanEditDetailsAndRiseComplaintTest</span>
              <div class="ignored-methods-div">
                <span class="ignored-method-name">config_BS</span>
                <br/>
                <span class="ignored-method-name">config_BC</span>
                <br/>
                <span class="ignored-method-name">config_AS</span>
                <br/>
                <span class="ignored-method-name">config_AC</span>
                <br/>
              </div> <!-- ignored-methods-div -->
            </div> <!-- ignored-class-div -->
            <div class="ignored-class-div">
              <span class="ignored-class-name">com.re.twinliteTest.VerifyThatAdminEditTheDetailsOfTheRegisteredPropertyTest</span>
              <div class="ignored-methods-div">
                <span class="ignored-method-name">config_BS</span>
                <br/>
                <span class="ignored-method-name">config_BC</span>
                <br/>
                <span class="ignored-method-name">config_AS</span>
                <br/>
                <span class="ignored-method-name">config_AC</span>
                <br/>
              </div> <!-- ignored-methods-div -->
            </div> <!-- ignored-class-div -->
            <div class="ignored-class-div">
              <span class="ignored-class-name">com.re.twinliteTest.VerifyTheAdminCanSeeListOfUsersOnClickingRegisteredUsersButtonTest</span>
              <div class="ignored-methods-div">
                <span class="ignored-method-name">config_BS</span>
                <br/>
                <span class="ignored-method-name">config_BC</span>
                <br/>
                <span class="ignored-method-name">config_AS</span>
                <br/>
                <span class="ignored-method-name">config_AC</span>
                <br/>
              </div> <!-- ignored-methods-div -->
            </div> <!-- ignored-class-div -->
            <div class="ignored-class-div">
              <span class="ignored-class-name">com.re.twinliteTest.VerifyThatUserCanEditTheRegisteredPropertyTest</span>
              <div class="ignored-methods-div">
                <span class="ignored-method-name">config_BS</span>
                <br/>
                <span class="ignored-method-name">config_BC</span>
                <br/>
                <span class="ignored-method-name">config_AS</span>
                <br/>
                <span class="ignored-method-name">config_AC</span>
                <br/>
              </div> <!-- ignored-methods-div -->
            </div> <!-- ignored-class-div -->
            <div class="ignored-class-div">
              <span class="ignored-class-name">com.re.twinliteTest.VerifyThatAdminCanFileAComplaintForTheRegisteredPropertyTest</span>
              <div class="ignored-methods-div">
                <span class="ignored-method-name">config_BS</span>
                <br/>
                <span class="ignored-method-name">config_BC</span>
                <br/>
                <span class="ignored-method-name">config_AS</span>
                <br/>
                <span class="ignored-method-name">config_AC</span>
                <br/>
              </div> <!-- ignored-methods-div -->
            </div> <!-- ignored-class-div -->
          </div> <!-- main-panel-content rounded-window-bottom -->
        </div> <!-- panel -->
        <div panel-name="chronological-Suite" class="panel">
          <div class="main-panel-header rounded-window-top">
            <span class="header-content">Methods in chronological order</span>
          </div> <!-- main-panel-header rounded-window-top -->
          <div class="main-panel-content rounded-window-bottom">
            <div class="chronological-class">
              <div class="chronological-class-name">com.re.twinliteTest.LU_STC_02</div> <!-- chronological-class-name -->
              <div class="configuration-suite before">
                <span class="method-name">config_BS</span>
                <span class="method-start">0 ms</span>
              </div> <!-- configuration-suite before -->
              <div class="configuration-test before">
                <span class="method-name">config_BC</span>
                <span class="method-start">151 ms</span>
              </div> <!-- configuration-test before -->
            </div> <!-- chronological-class -->
            <div class="chronological-class">
              <div class="chronological-class-name">com.re.twinliteTest.VerifyThatUserCanEditTheRegisteredPropertyTest</div> <!-- chronological-class-name -->
              <div class="test-method">
                <img src="failed.png">
                </img>
                <span class="method-name">VerifyThatUserCanEditTheRegisteredPropertyTest</span>
                <span class="method-start">2061 ms</span>
              </div> <!-- test-method -->
              <div class="configuration-method before">
                <span class="method-name">config_BM</span>
                <span class="method-start">2061 ms</span>
              </div> <!-- configuration-method before -->
            </div> <!-- chronological-class -->
            <div class="chronological-class">
              <div class="chronological-class-name">com.re.twinliteTest.VerifyThatAdminEditTheDetailsOfTheRegisteredPropertyTest</div> <!-- chronological-class-name -->
              <div class="test-method">
                <span class="method-name">VerifyThatAdminEditTheDetailsOfTheRegisteredPropertyTest</span>
                <span class="method-start">2061 ms</span>
              </div> <!-- test-method -->
            </div> <!-- chronological-class -->
            <div class="chronological-class">
              <div class="chronological-class-name">com.re.twinliteTest.LU_STC_02</div> <!-- chronological-class-name -->
              <div class="configuration-method before">
                <span class="method-name">config_BM</span>
                <span class="method-start">2061 ms</span>
              </div> <!-- configuration-method before -->
            </div> <!-- chronological-class -->
            <div class="chronological-class">
              <div class="chronological-class-name">com.re.twinliteTest.VerifyThatAdminCanFileAComplaintForTheRegisteredPropertyTest</div> <!-- chronological-class-name -->
              <div class="configuration-method before">
                <span class="method-name">config_BM</span>
                <span class="method-start">2061 ms</span>
              </div> <!-- configuration-method before -->
            </div> <!-- chronological-class -->
            <div class="chronological-class">
              <div class="chronological-class-name">com.re.twinliteTest.VerifyTheAdminCanSeeListOfApartmentDetailsOnClickingRoomsForRentButtonTest</div> <!-- chronological-class-name -->
              <div class="test-method">
                <img src="failed.png">
                </img>
                <span class="method-name">VerifyTheAdminCanSeeListOfApartmentDetailsOnClickingRoomsForRentButtonTest</span>
                <span class="method-start">2061 ms</span>
              </div> <!-- test-method -->
            </div> <!-- chronological-class -->
            <div class="chronological-class">
              <div class="chronological-class-name">com.re.twinliteTest.VerifyThatAdminEditTheDetailsOfTheRegisteredPropertyTest</div> <!-- chronological-class-name -->
              <div class="configuration-method before">
                <span class="method-name">config_BM</span>
                <span class="method-start">2061 ms</span>
              </div> <!-- configuration-method before -->
            </div> <!-- chronological-class -->
            <div class="chronological-class">
              <div class="chronological-class-name">com.re.twinliteTest.VerifyThatAdminCanFileAComplaintForTheRegisteredPropertyTest</div> <!-- chronological-class-name -->
              <div class="test-method">
                <img src="failed.png">
                </img>
                <span class="method-name">VerifyThatAdminCanFileAComplaintForTheRegisteredPropertyTest</span>
                <span class="method-start">2061 ms</span>
              </div> <!-- test-method -->
            </div> <!-- chronological-class -->
            <div class="chronological-class">
              <div class="chronological-class-name">com.re.twinliteTest.VerifyTheAdminCanSeeListOfApartmentDetailsOnClickingRoomsForRentButtonTest</div> <!-- chronological-class-name -->
              <div class="configuration-method before">
                <span class="method-name">config_BM</span>
                <span class="method-start">2061 ms</span>
              </div> <!-- configuration-method before -->
            </div> <!-- chronological-class -->
            <div class="chronological-class">
              <div class="chronological-class-name">com.re.twinliteTest.VerifyThatAdminEditTheDetailsOfTheRegisteredPropertyTest</div> <!-- chronological-class-name -->
              <div class="configuration-method after">
                <span class="method-name">config_AM</span>
                <span class="method-start">2998 ms</span>
              </div> <!-- configuration-method after -->
              <div class="test-method">
                <span class="method-name">VerifyThatAdminEditTheDetailsOfTheRegisteredPropertyTest</span>
                <span class="method-start">3000 ms</span>
              </div> <!-- test-method -->
              <div class="configuration-method before">
                <span class="method-name">config_BM</span>
                <span class="method-start">3000 ms</span>
              </div> <!-- configuration-method before -->
            </div> <!-- chronological-class -->
            <div class="chronological-class">
              <div class="chronological-class-name">com.re.twinliteTest.VerifyTheAdminCanSeeListOfApartmentDetailsOnClickingRoomsForRentButtonTest</div> <!-- chronological-class-name -->
              <div class="configuration-method after">
                <span class="method-name">config_AM</span>
                <span class="method-start">3166 ms</span>
              </div> <!-- configuration-method after -->
            </div> <!-- chronological-class -->
            <div class="chronological-class">
              <div class="chronological-class-name">com.re.twinliteTest.VerifyTheAdminCanSeeListOfUsersOnClickingRegisteredUsersButtonTest</div> <!-- chronological-class-name -->
              <div class="configuration-method before">
                <span class="method-name">config_BM</span>
                <span class="method-start">3168 ms</span>
              </div> <!-- configuration-method before -->
            </div> <!-- chronological-class -->
            <div class="chronological-class">
              <div class="chronological-class-name">com.re.twinliteTest.VerifyThatUserCanEditTheRegisteredPropertyTest</div> <!-- chronological-class-name -->
              <div class="configuration-method after">
                <span class="method-name">config_AM</span>
                <span class="method-start">3287 ms</span>
              </div> <!-- configuration-method after -->
            </div> <!-- chronological-class -->
            <div class="chronological-class">
              <div class="chronological-class-name">com.re.twinliteTest.VerifyUserCanEditDetailsAndRiseComplaintTest</div> <!-- chronological-class-name -->
              <div class="configuration-method before">
                <span class="method-name">config_BM</span>
                <span class="method-start">3288 ms</span>
              </div> <!-- configuration-method before -->
            </div> <!-- chronological-class -->
            <div class="chronological-class">
              <div class="chronological-class-name">com.re.twinliteTest.VerifyThatAdminCanFileAComplaintForTheRegisteredPropertyTest</div> <!-- chronological-class-name -->
              <div class="configuration-method after">
                <span class="method-name">config_AM</span>
                <span class="method-start">3406 ms</span>
              </div> <!-- configuration-method after -->
            </div> <!-- chronological-class -->
            <div class="chronological-class">
              <div class="chronological-class-name">com.re.twinliteTest.VerifyThatAdminEditTheDetailsOfTheRegisteredPropertyTest</div> <!-- chronological-class-name -->
              <div class="configuration-method before">
                <span class="method-name">config_BM</span>
                <span class="method-start">9738 ms</span>
              </div> <!-- configuration-method before -->
              <div class="configuration-method after">
                <span class="method-name">config_AM</span>
                <span class="method-start">9738 ms</span>
              </div> <!-- configuration-method after -->
            </div> <!-- chronological-class -->
            <div class="chronological-class">
              <div class="chronological-class-name">com.re.twinliteTest.LU_STC_02</div> <!-- chronological-class-name -->
              <div class="configuration-test after">
                <span class="method-name">config_AC</span>
                <span class="method-start">9836 ms</span>
              </div> <!-- configuration-test after -->
              <div class="configuration-suite after">
                <span class="method-name">config_AS</span>
                <span class="method-start">10071 ms</span>
              </div> <!-- configuration-suite after -->
          </div> <!-- main-panel-content rounded-window-bottom -->
        </div> <!-- panel -->
      </div> <!-- main-panel-root -->
    </div> <!-- wrapper -->
  </body>
<script type="text/javascript" src="testng-reports2.js"></script>
</html>
