<?xml version="1.0" encoding="UTF-8"?>
<testng-results retried="2" ignored="24" total="29" passed="0" failed="3" skipped="0">
  <reporter-output>
  </reporter-output>
  <suite started-at="2023-05-30T10:57:06 IST" name="Suite" finished-at="2023-05-30T10:57:16 IST" duration-ms="9809">
    <groups>
      <group name="SmokeTest">
        <method signature="LU_STC_02.LU_STC_02()[pri:0, instance:com.re.twinliteTest.LU_STC_02@36902638]" name="LU_STC_02" class="com.re.twinliteTest.LU_STC_02"/>
        <method signature="VerifyThatAdminEditTheDetailsOfTheRegisteredPropertyTest.VerifyThatAdminEditTheDetailsOfTheRegisteredPropertyTest()[pri:0, instance:com.re.twinliteTest.VerifyThatAdminEditTheDetailsOfTheRegisteredPropertyTest@57a3af25]" name="VerifyThatAdminEditTheDetailsOfTheRegisteredPropertyTest" class="com.re.twinliteTest.VerifyThatAdminEditTheDetailsOfTheRegisteredPropertyTest"/>
      </group> <!-- SmokeTest -->
      <group name="RegTest">
        <method signature="VerifyThatAdminCanFileAComplaintForTheRegisteredPropertyTest.VerifyThatAdminCanFileAComplaintForTheRegisteredPropertyTest()[pri:0, instance:com.re.twinliteTest.VerifyThatAdminCanFileAComplaintForTheRegisteredPropertyTest@77847718]" name="VerifyThatAdminCanFileAComplaintForTheRegisteredPropertyTest" class="com.re.twinliteTest.VerifyThatAdminCanFileAComplaintForTheRegisteredPropertyTest"/>
        <method signature="VerifyTheAdminCanSeeListOfUsersOnClickingRegisteredUsersButtonTest.VerifyTheAdminCanSeeListOfUsersOnClickingRegisteredUsersButtonTest()[pri:0, instance:com.re.twinliteTest.VerifyTheAdminCanSeeListOfUsersOnClickingRegisteredUsersButtonTest@5c33f1a9]" name="VerifyTheAdminCanSeeListOfUsersOnClickingRegisteredUsersButtonTest" class="com.re.twinliteTest.VerifyTheAdminCanSeeListOfUsersOnClickingRegisteredUsersButtonTest"/>
      </group> <!-- RegTest -->
    </groups>
    <test started-at="2023-05-30T10:57:06 IST" name="Test" finished-at="2023-05-30T10:57:16 IST" duration-ms="9809">
      <class name="com.re.twinliteTest.VerifyThatAdminCanFileAComplaintForTheRegisteredPropertyTest">
        <test-method is-config="true" signature="config_BM()[pri:0, instance:com.re.twinliteTest.VerifyThatAdminCanFileAComplaintForTheRegisteredPropertyTest@77847718]" started-at="2023-05-30T10:57:08 IST" name="config_BM" finished-at="2023-05-30T10:57:08 IST" duration-ms="0" status="PASS">
          <reporter-output>
          </reporter-output>
        </test-method> <!-- config_BM -->
        <test-method signature="VerifyThatAdminCanFileAComplaintForTheRegisteredPropertyTest()[pri:0, instance:com.re.twinliteTest.VerifyThatAdminCanFileAComplaintForTheRegisteredPropertyTest@77847718]" started-at="2023-05-30T10:57:08 IST" name="VerifyThatAdminCanFileAComplaintForTheRegisteredPropertyTest" finished-at="2023-05-30T10:57:09 IST" duration-ms="939" status="FAIL">
          <exception class="org.openqa.selenium.StaleElementReferenceException">
            <message>
              <![CDATA[stale element reference: stale element not found
  (Session info: chrome=113.0.5672.127)
For documentation on this error, please visit: https://selenium.dev/exceptions/#stale_element_reference
Build info: version: '4.9.1', revision: 'eb2032df7f'
System info: os.name: 'Windows 11', os.arch: 'amd64', os.version: '10.0', java.version: '18.0.2'
Driver info: org.openqa.selenium.chrome.ChromeDriver
Command: [fda28b21a48cf5ed3de25c50c8ec4656, clickElement {id=792FAE543C5B1CFAD6E67DC17FA7991C_element_6}]
Capabilities {acceptInsecureCerts: false, browserName: chrome, browserVersion: 113.0.5672.127, chrome: {chromedriverVersion: 113.0.5672.63 (0e1a4471d5ae..., userDataDir: C:\Users\sagar\AppData\Loca...}, goog:chromeOptions: {debuggerAddress: localhost:60690}, networkConnectionEnabled: false, pageLoadStrategy: normal, platformName: windows, proxy: Proxy(), se:cdp: ws://localhost:60690/devtoo..., se:cdpVersion: 113.0.5672.127, setWindowRect: true, strictFileInteractability: false, timeouts: {implicit: 0, pageLoad: 300000, script: 30000}, unhandledPromptBehavior: dismiss and notify, webauthn:extension:credBlob: true, webauthn:extension:largeBlob: true, webauthn:extension:minPinLength: true, webauthn:extension:prf: true, webauthn:virtualAuthenticators: true}
Element: [[ChromeDriver: chrome on windows (fda28b21a48cf5ed3de25c50c8ec4656)] -> xpath: //a[.='Register']]
Session ID: fda28b21a48cf5ed3de25c50c8ec4656]]>
            </message>
            <full-stacktrace>
              <![CDATA[org.openqa.selenium.StaleElementReferenceException: stale element reference: stale element not found
  (Session info: chrome=113.0.5672.127)
For documentation on this error, please visit: https://selenium.dev/exceptions/#stale_element_reference
Build info: version: '4.9.1', revision: 'eb2032df7f'
System info: os.name: 'Windows 11', os.arch: 'amd64', os.version: '10.0', java.version: '18.0.2'
Driver info: org.openqa.selenium.chrome.ChromeDriver
Command: [fda28b21a48cf5ed3de25c50c8ec4656, clickElement {id=792FAE543C5B1CFAD6E67DC17FA7991C_element_6}]
Capabilities {acceptInsecureCerts: false, browserName: chrome, browserVersion: 113.0.5672.127, chrome: {chromedriverVersion: 113.0.5672.63 (0e1a4471d5ae..., userDataDir: C:\Users\sagar\AppData\Loca...}, goog:chromeOptions: {debuggerAddress: localhost:60690}, networkConnectionEnabled: false, pageLoadStrategy: normal, platformName: windows, proxy: Proxy(), se:cdp: ws://localhost:60690/devtoo..., se:cdpVersion: 113.0.5672.127, setWindowRect: true, strictFileInteractability: false, timeouts: {implicit: 0, pageLoad: 300000, script: 30000}, unhandledPromptBehavior: dismiss and notify, webauthn:extension:credBlob: true, webauthn:extension:largeBlob: true, webauthn:extension:minPinLength: true, webauthn:extension:prf: true, webauthn:virtualAuthenticators: true}
Element: [[ChromeDriver: chrome on windows (fda28b21a48cf5ed3de25c50c8ec4656)] -> xpath: //a[.='Register']]
Session ID: fda28b21a48cf5ed3de25c50c8ec4656
at java.base/jdk.internal.reflect.DirectConstructorHandleAccessor.newInstance(DirectConstructorHandleAccessor.java:67)
at java.base/java.lang.reflect.Constructor.newInstanceWithCaller(Constructor.java:499)
at java.base/java.lang.reflect.Constructor.newInstance(Constructor.java:483)
at org.openqa.selenium.remote.codec.w3c.W3CHttpResponseCodec.createException(W3CHttpResponseCodec.java:200)
at org.openqa.selenium.remote.codec.w3c.W3CHttpResponseCodec.decode(W3CHttpResponseCodec.java:133)
at org.openqa.selenium.remote.codec.w3c.W3CHttpResponseCodec.decode(W3CHttpResponseCodec.java:53)
at org.openqa.selenium.remote.HttpCommandExecutor.execute(HttpCommandExecutor.java:193)
at org.openqa.selenium.remote.service.DriverCommandExecutor.invokeExecute(DriverCommandExecutor.java:183)
at org.openqa.selenium.remote.service.DriverCommandExecutor.execute(DriverCommandExecutor.java:158)
at org.openqa.selenium.remote.RemoteWebDriver.execute(RemoteWebDriver.java:543)
at org.openqa.selenium.remote.RemoteWebElement.execute(RemoteWebElement.java:257)
at org.openqa.selenium.remote.RemoteWebElement.click(RemoteWebElement.java:78)
at java.base/jdk.internal.reflect.DirectMethodHandleAccessor.invoke(DirectMethodHandleAccessor.java:104)
at java.base/java.lang.reflect.Method.invoke(Method.java:577)
at org.openqa.selenium.support.pagefactory.internal.LocatingElementHandler.invoke(LocatingElementHandler.java:52)
at jdk.proxy2/jdk.proxy2.$Proxy21.click(Unknown Source)
at com.re.Twinlite.ObjectRepository.RegisterUserPage.RegisterUser(RegisterUserPage.java:86)
at com.re.twinliteTest.VerifyThatAdminCanFileAComplaintForTheRegisteredPropertyTest.VerifyThatAdminCanFileAComplaintForTheRegisteredPropertyTest(VerifyThatAdminCanFileAComplaintForTheRegisteredPropertyTest.java:52)
at java.base/jdk.internal.reflect.DirectMethodHandleAccessor.invoke(DirectMethodHandleAccessor.java:104)
at java.base/java.lang.reflect.Method.invoke(Method.java:577)
at org.testng.internal.MethodInvocationHelper.invokeMethod(MethodInvocationHelper.java:133)
at org.testng.internal.TestInvoker.invokeMethod(TestInvoker.java:598)
at org.testng.internal.TestInvoker.invokeTestMethod(TestInvoker.java:173)
at org.testng.internal.MethodRunner.runInSequence(MethodRunner.java:46)
at org.testng.internal.TestInvoker$MethodInvocationAgent.invoke(TestInvoker.java:824)
at org.testng.internal.TestInvoker.invokeTestMethods(TestInvoker.java:146)
at org.testng.internal.TestMethodWorker.invokeTestMethods(TestMethodWorker.java:146)
at org.testng.internal.TestMethodWorker.run(TestMethodWorker.java:128)
at java.base/java.util.concurrent.ThreadPoolExecutor.runWorker(ThreadPoolExecutor.java:1136)
at java.base/java.util.concurrent.ThreadPoolExecutor$Worker.run(ThreadPoolExecutor.java:635)
at java.base/java.lang.Thread.run(Thread.java:833)
]]>
            </full-stacktrace>
          </exception> <!-- org.openqa.selenium.StaleElementReferenceException -->
          <reporter-output>
          </reporter-output>
        </test-method> <!-- VerifyThatAdminCanFileAComplaintForTheRegisteredPropertyTest -->
        <test-method is-config="true" signature="config_AM()[pri:0, instance:com.re.twinliteTest.VerifyThatAdminCanFileAComplaintForTheRegisteredPropertyTest@77847718]" started-at="2023-05-30T10:57:09 IST" name="config_AM" finished-at="2023-05-30T10:57:09 IST" duration-ms="1" status="PASS">
          <reporter-output>
          </reporter-output>
        </test-method> <!-- config_AM -->
      </class> <!-- com.re.twinliteTest.VerifyThatAdminCanFileAComplaintForTheRegisteredPropertyTest -->
      <class name="com.re.twinliteTest.VerifyTheAdminCanSeeListOfUsersOnClickingRegisteredUsersButtonTest">
        <test-method is-config="true" signature="config_BM()[pri:0, instance:com.re.twinliteTest.VerifyTheAdminCanSeeListOfUsersOnClickingRegisteredUsersButtonTest@5c33f1a9]" started-at="2023-05-30T10:57:09 IST" name="config_BM" finished-at="2023-05-30T10:57:09 IST" duration-ms="0" status="PASS">
          <reporter-output>
          </reporter-output>
        </test-method> <!-- config_BM -->
      </class> <!-- com.re.twinliteTest.VerifyTheAdminCanSeeListOfUsersOnClickingRegisteredUsersButtonTest -->
      <class name="com.re.twinliteTest.VerifyUserCanEditDetailsAndRiseComplaintTest">
        <test-method is-config="true" signature="config_BM()[pri:0, instance:com.re.twinliteTest.VerifyUserCanEditDetailsAndRiseComplaintTest@1623b78d]" started-at="2023-05-30T10:57:09 IST" name="config_BM" finished-at="2023-05-30T10:57:09 IST" duration-ms="0" status="PASS">
          <reporter-output>
          </reporter-output>
        </test-method> <!-- config_BM -->
      </class> <!-- com.re.twinliteTest.VerifyUserCanEditDetailsAndRiseComplaintTest -->
      <class name="com.re.twinliteTest.VerifyTheAdminCanSeeListOfApartmentDetailsOnClickingRoomsForRentButtonTest">
        <test-method signature="VerifyTheAdminCanSeeListOfApartmentDetailsOnClickingRoomsForRentButtonTest()[pri:0, instance:com.re.twinliteTest.VerifyTheAdminCanSeeListOfApartmentDetailsOnClickingRoomsForRentButtonTest@7f0eb4b4]" started-at="2023-05-30T10:57:08 IST" name="VerifyTheAdminCanSeeListOfApartmentDetailsOnClickingRoomsForRentButtonTest" finished-at="2023-05-30T10:57:09 IST" duration-ms="926" status="FAIL">
          <exception class="org.openqa.selenium.StaleElementReferenceException">
            <message>
              <![CDATA[stale element reference: stale element not found
  (Session info: chrome=113.0.5672.127)
For documentation on this error, please visit: https://selenium.dev/exceptions/#stale_element_reference
Build info: version: '4.9.1', revision: 'eb2032df7f'
System info: os.name: 'Windows 11', os.arch: 'amd64', os.version: '10.0', java.version: '18.0.2'
Driver info: org.openqa.selenium.chrome.ChromeDriver
Command: [fda28b21a48cf5ed3de25c50c8ec4656, clickElement {id=792FAE543C5B1CFAD6E67DC17FA7991C_element_6}]
Capabilities {acceptInsecureCerts: false, browserName: chrome, browserVersion: 113.0.5672.127, chrome: {chromedriverVersion: 113.0.5672.63 (0e1a4471d5ae..., userDataDir: C:\Users\sagar\AppData\Loca...}, goog:chromeOptions: {debuggerAddress: localhost:60690}, networkConnectionEnabled: false, pageLoadStrategy: normal, platformName: windows, proxy: Proxy(), se:cdp: ws://localhost:60690/devtoo..., se:cdpVersion: 113.0.5672.127, setWindowRect: true, strictFileInteractability: false, timeouts: {implicit: 0, pageLoad: 300000, script: 30000}, unhandledPromptBehavior: dismiss and notify, webauthn:extension:credBlob: true, webauthn:extension:largeBlob: true, webauthn:extension:minPinLength: true, webauthn:extension:prf: true, webauthn:virtualAuthenticators: true}
Element: [[ChromeDriver: chrome on windows (fda28b21a48cf5ed3de25c50c8ec4656)] -> xpath: //a[.='Register']]
Session ID: fda28b21a48cf5ed3de25c50c8ec4656]]>
            </message>
            <full-stacktrace>
              <![CDATA[org.openqa.selenium.StaleElementReferenceException: stale element reference: stale element not found
  (Session info: chrome=113.0.5672.127)
For documentation on this error, please visit: https://selenium.dev/exceptions/#stale_element_reference
Build info: version: '4.9.1', revision: 'eb2032df7f'
System info: os.name: 'Windows 11', os.arch: 'amd64', os.version: '10.0', java.version: '18.0.2'
Driver info: org.openqa.selenium.chrome.ChromeDriver
Command: [fda28b21a48cf5ed3de25c50c8ec4656, clickElement {id=792FAE543C5B1CFAD6E67DC17FA7991C_element_6}]
Capabilities {acceptInsecureCerts: false, browserName: chrome, browserVersion: 113.0.5672.127, chrome: {chromedriverVersion: 113.0.5672.63 (0e1a4471d5ae..., userDataDir: C:\Users\sagar\AppData\Loca...}, goog:chromeOptions: {debuggerAddress: localhost:60690}, networkConnectionEnabled: false, pageLoadStrategy: normal, platformName: windows, proxy: Proxy(), se:cdp: ws://localhost:60690/devtoo..., se:cdpVersion: 113.0.5672.127, setWindowRect: true, strictFileInteractability: false, timeouts: {implicit: 0, pageLoad: 300000, script: 30000}, unhandledPromptBehavior: dismiss and notify, webauthn:extension:credBlob: true, webauthn:extension:largeBlob: true, webauthn:extension:minPinLength: true, webauthn:extension:prf: true, webauthn:virtualAuthenticators: true}
Element: [[ChromeDriver: chrome on windows (fda28b21a48cf5ed3de25c50c8ec4656)] -> xpath: //a[.='Register']]
Session ID: fda28b21a48cf5ed3de25c50c8ec4656
at java.base/jdk.internal.reflect.DirectConstructorHandleAccessor.newInstance(DirectConstructorHandleAccessor.java:67)
at java.base/java.lang.reflect.Constructor.newInstanceWithCaller(Constructor.java:499)
at java.base/java.lang.reflect.Constructor.newInstance(Constructor.java:483)
at org.openqa.selenium.remote.codec.w3c.W3CHttpResponseCodec.createException(W3CHttpResponseCodec.java:200)
at org.openqa.selenium.remote.codec.w3c.W3CHttpResponseCodec.decode(W3CHttpResponseCodec.java:133)
at org.openqa.selenium.remote.codec.w3c.W3CHttpResponseCodec.decode(W3CHttpResponseCodec.java:53)
at org.openqa.selenium.remote.HttpCommandExecutor.execute(HttpCommandExecutor.java:193)
at org.openqa.selenium.remote.service.DriverCommandExecutor.invokeExecute(DriverCommandExecutor.java:183)
at org.openqa.selenium.remote.service.DriverCommandExecutor.execute(DriverCommandExecutor.java:158)
at org.openqa.selenium.remote.RemoteWebDriver.execute(RemoteWebDriver.java:543)
at org.openqa.selenium.remote.RemoteWebElement.execute(RemoteWebElement.java:257)
at org.openqa.selenium.remote.RemoteWebElement.click(RemoteWebElement.java:78)
at java.base/jdk.internal.reflect.DirectMethodHandleAccessor.invoke(DirectMethodHandleAccessor.java:104)
at java.base/java.lang.reflect.Method.invoke(Method.java:577)
at org.openqa.selenium.support.pagefactory.internal.LocatingElementHandler.invoke(LocatingElementHandler.java:52)
at jdk.proxy2/jdk.proxy2.$Proxy21.click(Unknown Source)
at com.re.Twinlite.ObjectRepository.RegisterUserPage.RegisterUser(RegisterUserPage.java:86)
at com.re.twinliteTest.VerifyTheAdminCanSeeListOfApartmentDetailsOnClickingRoomsForRentButtonTest.VerifyTheAdminCanSeeListOfApartmentDetailsOnClickingRoomsForRentButtonTest(VerifyTheAdminCanSeeListOfApartmentDetailsOnClickingRoomsForRentButtonTest.java:42)
at java.base/jdk.internal.reflect.DirectMethodHandleAccessor.invoke(DirectMethodHandleAccessor.java:104)
at java.base/java.lang.reflect.Method.invoke(Method.java:577)
at org.testng.internal.MethodInvocationHelper.invokeMethod(MethodInvocationHelper.java:133)
at org.testng.internal.TestInvoker.invokeMethod(TestInvoker.java:598)
at org.testng.internal.TestInvoker.invokeTestMethod(TestInvoker.java:173)
at org.testng.internal.MethodRunner.runInSequence(MethodRunner.java:46)
at org.testng.internal.TestInvoker$MethodInvocationAgent.invoke(TestInvoker.java:824)
at org.testng.internal.TestInvoker.invokeTestMethods(TestInvoker.java:146)
at org.testng.internal.TestMethodWorker.invokeTestMethods(TestMethodWorker.java:146)
at org.testng.internal.TestMethodWorker.run(TestMethodWorker.java:128)
at java.base/java.util.concurrent.ThreadPoolExecutor.runWorker(ThreadPoolExecutor.java:1136)
at java.base/java.util.concurrent.ThreadPoolExecutor$Worker.run(ThreadPoolExecutor.java:635)
at java.base/java.lang.Thread.run(Thread.java:833)
]]>
            </full-stacktrace>
          </exception> <!-- org.openqa.selenium.StaleElementReferenceException -->
          <reporter-output>
          </reporter-output>
        </test-method> <!-- VerifyTheAdminCanSeeListOfApartmentDetailsOnClickingRoomsForRentButtonTest -->
        <test-method is-config="true" signature="config_BM()[pri:0, instance:com.re.twinliteTest.VerifyTheAdminCanSeeListOfApartmentDetailsOnClickingRoomsForRentButtonTest@7f0eb4b4]" started-at="2023-05-30T10:57:08 IST" name="config_BM" finished-at="2023-05-30T10:57:08 IST" duration-ms="0" status="PASS">
          <reporter-output>
          </reporter-output>
        </test-method> <!-- config_BM -->
        <test-method is-config="true" signature="config_AM()[pri:0, instance:com.re.twinliteTest.VerifyTheAdminCanSeeListOfApartmentDetailsOnClickingRoomsForRentButtonTest@7f0eb4b4]" started-at="2023-05-30T10:57:09 IST" name="config_AM" finished-at="2023-05-30T10:57:09 IST" duration-ms="1" status="PASS">
          <reporter-output>
          </reporter-output>
        </test-method> <!-- config_AM -->
      </class> <!-- com.re.twinliteTest.VerifyTheAdminCanSeeListOfApartmentDetailsOnClickingRoomsForRentButtonTest -->
      <class name="com.re.twinliteTest.VerifyThatAdminEditTheDetailsOfTheRegisteredPropertyTest">
        <test-method retried="true" signature="VerifyThatAdminEditTheDetailsOfTheRegisteredPropertyTest()[pri:0, instance:com.re.twinliteTest.VerifyThatAdminEditTheDetailsOfTheRegisteredPropertyTest@57a3af25]" started-at="2023-05-30T10:57:08 IST" name="VerifyThatAdminEditTheDetailsOfTheRegisteredPropertyTest" finished-at="2023-05-30T10:57:09 IST" duration-ms="927" status="SKIP">
          <exception class="org.openqa.selenium.StaleElementReferenceException">
            <message>
              <![CDATA[stale element reference: stale element not found
  (Session info: chrome=113.0.5672.127)
For documentation on this error, please visit: https://selenium.dev/exceptions/#stale_element_reference
Build info: version: '4.9.1', revision: 'eb2032df7f'
System info: os.name: 'Windows 11', os.arch: 'amd64', os.version: '10.0', java.version: '18.0.2'
Driver info: org.openqa.selenium.chrome.ChromeDriver
Command: [fda28b21a48cf5ed3de25c50c8ec4656, clickElement {id=792FAE543C5B1CFAD6E67DC17FA7991C_element_7}]
Capabilities {acceptInsecureCerts: false, browserName: chrome, browserVersion: 113.0.5672.127, chrome: {chromedriverVersion: 113.0.5672.63 (0e1a4471d5ae..., userDataDir: C:\Users\sagar\AppData\Loca...}, goog:chromeOptions: {debuggerAddress: localhost:60690}, networkConnectionEnabled: false, pageLoadStrategy: normal, platformName: windows, proxy: Proxy(), se:cdp: ws://localhost:60690/devtoo..., se:cdpVersion: 113.0.5672.127, setWindowRect: true, strictFileInteractability: false, timeouts: {implicit: 0, pageLoad: 300000, script: 30000}, unhandledPromptBehavior: dismiss and notify, webauthn:extension:credBlob: true, webauthn:extension:largeBlob: true, webauthn:extension:minPinLength: true, webauthn:extension:prf: true, webauthn:virtualAuthenticators: true}
Element: [[ChromeDriver: chrome on windows (fda28b21a48cf5ed3de25c50c8ec4656)] -> xpath: //a[.='Login']]
Session ID: fda28b21a48cf5ed3de25c50c8ec4656]]>
            </message>
            <full-stacktrace>
              <![CDATA[org.openqa.selenium.StaleElementReferenceException: stale element reference: stale element not found
  (Session info: chrome=113.0.5672.127)
For documentation on this error, please visit: https://selenium.dev/exceptions/#stale_element_reference
Build info: version: '4.9.1', revision: 'eb2032df7f'
System info: os.name: 'Windows 11', os.arch: 'amd64', os.version: '10.0', java.version: '18.0.2'
Driver info: org.openqa.selenium.chrome.ChromeDriver
Command: [fda28b21a48cf5ed3de25c50c8ec4656, clickElement {id=792FAE543C5B1CFAD6E67DC17FA7991C_element_7}]
Capabilities {acceptInsecureCerts: false, browserName: chrome, browserVersion: 113.0.5672.127, chrome: {chromedriverVersion: 113.0.5672.63 (0e1a4471d5ae..., userDataDir: C:\Users\sagar\AppData\Loca...}, goog:chromeOptions: {debuggerAddress: localhost:60690}, networkConnectionEnabled: false, pageLoadStrategy: normal, platformName: windows, proxy: Proxy(), se:cdp: ws://localhost:60690/devtoo..., se:cdpVersion: 113.0.5672.127, setWindowRect: true, strictFileInteractability: false, timeouts: {implicit: 0, pageLoad: 300000, script: 30000}, unhandledPromptBehavior: dismiss and notify, webauthn:extension:credBlob: true, webauthn:extension:largeBlob: true, webauthn:extension:minPinLength: true, webauthn:extension:prf: true, webauthn:virtualAuthenticators: true}
Element: [[ChromeDriver: chrome on windows (fda28b21a48cf5ed3de25c50c8ec4656)] -> xpath: //a[.='Login']]
Session ID: fda28b21a48cf5ed3de25c50c8ec4656
at java.base/jdk.internal.reflect.DirectConstructorHandleAccessor.newInstance(DirectConstructorHandleAccessor.java:67)
at java.base/java.lang.reflect.Constructor.newInstanceWithCaller(Constructor.java:499)
at java.base/java.lang.reflect.Constructor.newInstance(Constructor.java:483)
at org.openqa.selenium.remote.codec.w3c.W3CHttpResponseCodec.createException(W3CHttpResponseCodec.java:200)
at org.openqa.selenium.remote.codec.w3c.W3CHttpResponseCodec.decode(W3CHttpResponseCodec.java:133)
at org.openqa.selenium.remote.codec.w3c.W3CHttpResponseCodec.decode(W3CHttpResponseCodec.java:53)
at org.openqa.selenium.remote.HttpCommandExecutor.execute(HttpCommandExecutor.java:193)
at org.openqa.selenium.remote.service.DriverCommandExecutor.invokeExecute(DriverCommandExecutor.java:183)
at org.openqa.selenium.remote.service.DriverCommandExecutor.execute(DriverCommandExecutor.java:158)
at org.openqa.selenium.remote.RemoteWebDriver.execute(RemoteWebDriver.java:543)
at org.openqa.selenium.remote.RemoteWebElement.execute(RemoteWebElement.java:257)
at org.openqa.selenium.remote.RemoteWebElement.click(RemoteWebElement.java:78)
at java.base/jdk.internal.reflect.DirectMethodHandleAccessor.invoke(DirectMethodHandleAccessor.java:104)
at java.base/java.lang.reflect.Method.invoke(Method.java:577)
at org.openqa.selenium.support.pagefactory.internal.LocatingElementHandler.invoke(LocatingElementHandler.java:52)
at jdk.proxy2/jdk.proxy2.$Proxy21.click(Unknown Source)
at com.re.Twinlite.ObjectRepository.LoginPage.loginAsAdmin(LoginPage.java:59)
at com.re.twinliteTest.VerifyThatAdminEditTheDetailsOfTheRegisteredPropertyTest.VerifyThatAdminEditTheDetailsOfTheRegisteredPropertyTest(VerifyThatAdminEditTheDetailsOfTheRegisteredPropertyTest.java:46)
at java.base/jdk.internal.reflect.DirectMethodHandleAccessor.invoke(DirectMethodHandleAccessor.java:104)
at java.base/java.lang.reflect.Method.invoke(Method.java:577)
at org.testng.internal.MethodInvocationHelper.invokeMethod(MethodInvocationHelper.java:133)
at org.testng.internal.TestInvoker.invokeMethod(TestInvoker.java:598)
at org.testng.internal.TestInvoker.invokeTestMethod(TestInvoker.java:173)
at org.testng.internal.MethodRunner.runInSequence(MethodRunner.java:46)
at org.testng.internal.TestInvoker$MethodInvocationAgent.invoke(TestInvoker.java:824)
at org.testng.internal.TestInvoker.invokeTestMethods(TestInvoker.java:146)
at org.testng.internal.TestMethodWorker.invokeTestMethods(TestMethodWorker.java:146)
at org.testng.internal.TestMethodWorker.run(TestMethodWorker.java:128)
at java.base/java.util.concurrent.ThreadPoolExecutor.runWorker(ThreadPoolExecutor.java:1136)
at java.base/java.util.concurrent.ThreadPoolExecutor$Worker.run(ThreadPoolExecutor.java:635)
at java.base/java.lang.Thread.run(Thread.java:833)
]]>
            </full-stacktrace>
          </exception> <!-- org.openqa.selenium.StaleElementReferenceException -->
          <reporter-output>
          </reporter-output>
        </test-method> <!-- VerifyThatAdminEditTheDetailsOfTheRegisteredPropertyTest -->
        <test-method is-config="true" signature="config_BM()[pri:0, instance:com.re.twinliteTest.VerifyThatAdminEditTheDetailsOfTheRegisteredPropertyTest@57a3af25]" started-at="2023-05-30T10:57:08 IST" name="config_BM" finished-at="2023-05-30T10:57:08 IST" duration-ms="0" status="PASS">
          <reporter-output>
          </reporter-output>
        </test-method> <!-- config_BM -->
        <test-method is-config="true" signature="config_AM()[pri:0, instance:com.re.twinliteTest.VerifyThatAdminEditTheDetailsOfTheRegisteredPropertyTest@57a3af25]" started-at="2023-05-30T10:57:09 IST" name="config_AM" finished-at="2023-05-30T10:57:09 IST" duration-ms="1" status="PASS">
          <reporter-output>
          </reporter-output>
        </test-method> <!-- config_AM -->
        <test-method retried="true" signature="VerifyThatAdminEditTheDetailsOfTheRegisteredPropertyTest()[pri:0, instance:com.re.twinliteTest.VerifyThatAdminEditTheDetailsOfTheRegisteredPropertyTest@57a3af25]" started-at="2023-05-30T10:57:09 IST" name="VerifyThatAdminEditTheDetailsOfTheRegisteredPropertyTest" finished-at="2023-05-30T10:57:16 IST" duration-ms="6738" status="SKIP">
          <exception class="org.openqa.selenium.NoSuchWindowException">
            <message>
              <![CDATA[no such window: target window already closed
from unknown error: web view not found
  (Session info: chrome=113.0.5672.127)
Build info: version: '4.9.1', revision: 'eb2032df7f'
System info: os.name: 'Windows 11', os.arch: 'amd64', os.version: '10.0', java.version: '18.0.2'
Driver info: org.openqa.selenium.chrome.ChromeDriver
Command: [fda28b21a48cf5ed3de25c50c8ec4656, clickElement {id=DE9EC4D900D2C6914347E9369A4B86DF_element_29}]
Capabilities {acceptInsecureCerts: false, browserName: chrome, browserVersion: 113.0.5672.127, chrome: {chromedriverVersion: 113.0.5672.63 (0e1a4471d5ae..., userDataDir: C:\Users\sagar\AppData\Loca...}, goog:chromeOptions: {debuggerAddress: localhost:60690}, networkConnectionEnabled: false, pageLoadStrategy: normal, platformName: windows, proxy: Proxy(), se:cdp: ws://localhost:60690/devtoo..., se:cdpVersion: 113.0.5672.127, setWindowRect: true, strictFileInteractability: false, timeouts: {implicit: 0, pageLoad: 300000, script: 30000}, unhandledPromptBehavior: dismiss and notify, webauthn:extension:credBlob: true, webauthn:extension:largeBlob: true, webauthn:extension:minPinLength: true, webauthn:extension:prf: true, webauthn:virtualAuthenticators: true}
Element: [[ChromeDriver: chrome on windows (fda28b21a48cf5ed3de25c50c8ec4656)] -> xpath: //a[.='Login']]
Session ID: fda28b21a48cf5ed3de25c50c8ec4656]]>
            </message>
            <full-stacktrace>
              <![CDATA[org.openqa.selenium.NoSuchWindowException: no such window: target window already closed
from unknown error: web view not found
  (Session info: chrome=113.0.5672.127)
Build info: version: '4.9.1', revision: 'eb2032df7f'
System info: os.name: 'Windows 11', os.arch: 'amd64', os.version: '10.0', java.version: '18.0.2'
Driver info: org.openqa.selenium.chrome.ChromeDriver
Command: [fda28b21a48cf5ed3de25c50c8ec4656, clickElement {id=DE9EC4D900D2C6914347E9369A4B86DF_element_29}]
Capabilities {acceptInsecureCerts: false, browserName: chrome, browserVersion: 113.0.5672.127, chrome: {chromedriverVersion: 113.0.5672.63 (0e1a4471d5ae..., userDataDir: C:\Users\sagar\AppData\Loca...}, goog:chromeOptions: {debuggerAddress: localhost:60690}, networkConnectionEnabled: false, pageLoadStrategy: normal, platformName: windows, proxy: Proxy(), se:cdp: ws://localhost:60690/devtoo..., se:cdpVersion: 113.0.5672.127, setWindowRect: true, strictFileInteractability: false, timeouts: {implicit: 0, pageLoad: 300000, script: 30000}, unhandledPromptBehavior: dismiss and notify, webauthn:extension:credBlob: true, webauthn:extension:largeBlob: true, webauthn:extension:minPinLength: true, webauthn:extension:prf: true, webauthn:virtualAuthenticators: true}
Element: [[ChromeDriver: chrome on windows (fda28b21a48cf5ed3de25c50c8ec4656)] -> xpath: //a[.='Login']]
Session ID: fda28b21a48cf5ed3de25c50c8ec4656
at java.base/jdk.internal.reflect.DirectConstructorHandleAccessor.newInstance(DirectConstructorHandleAccessor.java:67)
at java.base/java.lang.reflect.Constructor.newInstanceWithCaller(Constructor.java:499)
at java.base/java.lang.reflect.Constructor.newInstance(Constructor.java:483)
at org.openqa.selenium.remote.codec.w3c.W3CHttpResponseCodec.createException(W3CHttpResponseCodec.java:200)
at org.openqa.selenium.remote.codec.w3c.W3CHttpResponseCodec.decode(W3CHttpResponseCodec.java:133)
at org.openqa.selenium.remote.codec.w3c.W3CHttpResponseCodec.decode(W3CHttpResponseCodec.java:53)
at org.openqa.selenium.remote.HttpCommandExecutor.execute(HttpCommandExecutor.java:193)
at org.openqa.selenium.remote.service.DriverCommandExecutor.invokeExecute(DriverCommandExecutor.java:183)
at org.openqa.selenium.remote.service.DriverCommandExecutor.execute(DriverCommandExecutor.java:158)
at org.openqa.selenium.remote.RemoteWebDriver.execute(RemoteWebDriver.java:543)
at org.openqa.selenium.remote.RemoteWebElement.execute(RemoteWebElement.java:257)
at org.openqa.selenium.remote.RemoteWebElement.click(RemoteWebElement.java:78)
at java.base/jdk.internal.reflect.DirectMethodHandleAccessor.invoke(DirectMethodHandleAccessor.java:104)
at java.base/java.lang.reflect.Method.invoke(Method.java:577)
at org.openqa.selenium.support.pagefactory.internal.LocatingElementHandler.invoke(LocatingElementHandler.java:52)
at jdk.proxy2/jdk.proxy2.$Proxy21.click(Unknown Source)
at com.re.Twinlite.ObjectRepository.LoginPage.loginAsAdmin(LoginPage.java:59)
at com.re.twinliteTest.VerifyThatAdminEditTheDetailsOfTheRegisteredPropertyTest.VerifyThatAdminEditTheDetailsOfTheRegisteredPropertyTest(VerifyThatAdminEditTheDetailsOfTheRegisteredPropertyTest.java:46)
at java.base/jdk.internal.reflect.DirectMethodHandleAccessor.invoke(DirectMethodHandleAccessor.java:104)
at java.base/java.lang.reflect.Method.invoke(Method.java:577)
at org.testng.internal.MethodInvocationHelper.invokeMethod(MethodInvocationHelper.java:133)
at org.testng.internal.TestInvoker.invokeMethod(TestInvoker.java:598)
at org.testng.internal.TestInvoker.retryFailed(TestInvoker.java:213)
at org.testng.internal.MethodRunner.runInSequence(MethodRunner.java:58)
at org.testng.internal.TestInvoker$MethodInvocationAgent.invoke(TestInvoker.java:824)
at org.testng.internal.TestInvoker.invokeTestMethods(TestInvoker.java:146)
at org.testng.internal.TestMethodWorker.invokeTestMethods(TestMethodWorker.java:146)
at org.testng.internal.TestMethodWorker.run(TestMethodWorker.java:128)
at java.base/java.util.concurrent.ThreadPoolExecutor.runWorker(ThreadPoolExecutor.java:1136)
at java.base/java.util.concurrent.ThreadPoolExecutor$Worker.run(ThreadPoolExecutor.java:635)
at java.base/java.lang.Thread.run(Thread.java:833)
]]>
            </full-stacktrace>
          </exception> <!-- org.openqa.selenium.NoSuchWindowException -->
          <reporter-output>
          </reporter-output>
        </test-method> <!-- VerifyThatAdminEditTheDetailsOfTheRegisteredPropertyTest -->
        <test-method is-config="true" signature="config_BM()[pri:0, instance:com.re.twinliteTest.VerifyThatAdminEditTheDetailsOfTheRegisteredPropertyTest@57a3af25]" started-at="2023-05-30T10:57:09 IST" name="config_BM" finished-at="2023-05-30T10:57:09 IST" duration-ms="0" status="PASS">
          <reporter-output>
          </reporter-output>
        </test-method> <!-- config_BM -->
        <test-method is-config="true" signature="config_BM()[pri:0, instance:com.re.twinliteTest.VerifyThatAdminEditTheDetailsOfTheRegisteredPropertyTest@57a3af25]" started-at="2023-05-30T10:57:16 IST" name="config_BM" finished-at="2023-05-30T10:57:16 IST" duration-ms="0" status="PASS">
          <reporter-output>
          </reporter-output>
        </test-method> <!-- config_BM -->
        <test-method is-config="true" signature="config_AM()[pri:0, instance:com.re.twinliteTest.VerifyThatAdminEditTheDetailsOfTheRegisteredPropertyTest@57a3af25]" started-at="2023-05-30T10:57:16 IST" name="config_AM" finished-at="2023-05-30T10:57:16 IST" duration-ms="0" status="PASS">
          <reporter-output>
          </reporter-output>
        </test-method> <!-- config_AM -->
      </class> <!-- com.re.twinliteTest.VerifyThatAdminEditTheDetailsOfTheRegisteredPropertyTest -->
      <class name="com.re.twinliteTest.LU_STC_02">
        <test-method is-config="true" signature="config_BS()[pri:0, instance:com.re.twinliteTest.LU_STC_02@36902638]" started-at="2023-05-30T10:57:06 IST" name="config_BS" finished-at="2023-05-30T10:57:06 IST" duration-ms="149" status="PASS">
          <reporter-output>
          </reporter-output>
        </test-method> <!-- config_BS -->
        <test-method is-config="true" signature="config_BC()[pri:0, instance:com.re.twinliteTest.LU_STC_02@36902638]" started-at="2023-05-30T10:57:06 IST" name="config_BC" finished-at="2023-05-30T10:57:08 IST" duration-ms="1890" status="PASS">
          <reporter-output>
          </reporter-output>
        </test-method> <!-- config_BC -->
        <test-method is-config="true" signature="config_BM()[pri:0, instance:com.re.twinliteTest.LU_STC_02@36902638]" started-at="2023-05-30T10:57:08 IST" name="config_BM" finished-at="2023-05-30T10:57:08 IST" duration-ms="0" status="PASS">
          <reporter-output>
          </reporter-output>
        </test-method> <!-- config_BM -->
        <test-method is-config="true" signature="config_AC()[pri:0, instance:com.re.twinliteTest.LU_STC_02@36902638]" started-at="2023-05-30T10:57:16 IST" name="config_AC" finished-at="2023-05-30T10:57:16 IST" duration-ms="123" status="PASS">
          <reporter-output>
          </reporter-output>
        </test-method> <!-- config_AC -->
        <test-method is-config="true" signature="config_AS()[pri:0, instance:com.re.twinliteTest.LU_STC_02@36902638]" started-at="2023-05-30T10:57:16 IST" name="config_AS" finished-at="2023-05-30T10:57:16 IST" duration-ms="17" status="PASS">
          <reporter-output>
          </reporter-output>
        </test-method> <!-- config_AS -->
      </class> <!-- com.re.twinliteTest.LU_STC_02 -->
      <class name="com.re.twinliteTest.VerifyThatUserCanEditTheRegisteredPropertyTest">
        <test-method signature="VerifyThatUserCanEditTheRegisteredPropertyTest()[pri:0, instance:com.re.twinliteTest.VerifyThatUserCanEditTheRegisteredPropertyTest@2b662a77]" started-at="2023-05-30T10:57:08 IST" name="VerifyThatUserCanEditTheRegisteredPropertyTest" finished-at="2023-05-30T10:57:09 IST" duration-ms="926" status="FAIL">
          <exception class="org.openqa.selenium.StaleElementReferenceException">
            <message>
              <![CDATA[stale element reference: stale element not found
  (Session info: chrome=113.0.5672.127)
For documentation on this error, please visit: https://selenium.dev/exceptions/#stale_element_reference
Build info: version: '4.9.1', revision: 'eb2032df7f'
System info: os.name: 'Windows 11', os.arch: 'amd64', os.version: '10.0', java.version: '18.0.2'
Driver info: org.openqa.selenium.chrome.ChromeDriver
Command: [fda28b21a48cf5ed3de25c50c8ec4656, clickElement {id=792FAE543C5B1CFAD6E67DC17FA7991C_element_6}]
Capabilities {acceptInsecureCerts: false, browserName: chrome, browserVersion: 113.0.5672.127, chrome: {chromedriverVersion: 113.0.5672.63 (0e1a4471d5ae..., userDataDir: C:\Users\sagar\AppData\Loca...}, goog:chromeOptions: {debuggerAddress: localhost:60690}, networkConnectionEnabled: false, pageLoadStrategy: normal, platformName: windows, proxy: Proxy(), se:cdp: ws://localhost:60690/devtoo..., se:cdpVersion: 113.0.5672.127, setWindowRect: true, strictFileInteractability: false, timeouts: {implicit: 0, pageLoad: 300000, script: 30000}, unhandledPromptBehavior: dismiss and notify, webauthn:extension:credBlob: true, webauthn:extension:largeBlob: true, webauthn:extension:minPinLength: true, webauthn:extension:prf: true, webauthn:virtualAuthenticators: true}
Element: [[ChromeDriver: chrome on windows (fda28b21a48cf5ed3de25c50c8ec4656)] -> xpath: //a[.='Register']]
Session ID: fda28b21a48cf5ed3de25c50c8ec4656]]>
            </message>
            <full-stacktrace>
              <![CDATA[org.openqa.selenium.StaleElementReferenceException: stale element reference: stale element not found
  (Session info: chrome=113.0.5672.127)
For documentation on this error, please visit: https://selenium.dev/exceptions/#stale_element_reference
Build info: version: '4.9.1', revision: 'eb2032df7f'
System info: os.name: 'Windows 11', os.arch: 'amd64', os.version: '10.0', java.version: '18.0.2'
Driver info: org.openqa.selenium.chrome.ChromeDriver
Command: [fda28b21a48cf5ed3de25c50c8ec4656, clickElement {id=792FAE543C5B1CFAD6E67DC17FA7991C_element_6}]
Capabilities {acceptInsecureCerts: false, browserName: chrome, browserVersion: 113.0.5672.127, chrome: {chromedriverVersion: 113.0.5672.63 (0e1a4471d5ae..., userDataDir: C:\Users\sagar\AppData\Loca...}, goog:chromeOptions: {debuggerAddress: localhost:60690}, networkConnectionEnabled: false, pageLoadStrategy: normal, platformName: windows, proxy: Proxy(), se:cdp: ws://localhost:60690/devtoo..., se:cdpVersion: 113.0.5672.127, setWindowRect: true, strictFileInteractability: false, timeouts: {implicit: 0, pageLoad: 300000, script: 30000}, unhandledPromptBehavior: dismiss and notify, webauthn:extension:credBlob: true, webauthn:extension:largeBlob: true, webauthn:extension:minPinLength: true, webauthn:extension:prf: true, webauthn:virtualAuthenticators: true}
Element: [[ChromeDriver: chrome on windows (fda28b21a48cf5ed3de25c50c8ec4656)] -> xpath: //a[.='Register']]
Session ID: fda28b21a48cf5ed3de25c50c8ec4656
at java.base/jdk.internal.reflect.DirectConstructorHandleAccessor.newInstance(DirectConstructorHandleAccessor.java:67)
at java.base/java.lang.reflect.Constructor.newInstanceWithCaller(Constructor.java:499)
at java.base/java.lang.reflect.Constructor.newInstance(Constructor.java:483)
at org.openqa.selenium.remote.codec.w3c.W3CHttpResponseCodec.createException(W3CHttpResponseCodec.java:200)
at org.openqa.selenium.remote.codec.w3c.W3CHttpResponseCodec.decode(W3CHttpResponseCodec.java:133)
at org.openqa.selenium.remote.codec.w3c.W3CHttpResponseCodec.decode(W3CHttpResponseCodec.java:53)
at org.openqa.selenium.remote.HttpCommandExecutor.execute(HttpCommandExecutor.java:193)
at org.openqa.selenium.remote.service.DriverCommandExecutor.invokeExecute(DriverCommandExecutor.java:183)
at org.openqa.selenium.remote.service.DriverCommandExecutor.execute(DriverCommandExecutor.java:158)
at org.openqa.selenium.remote.RemoteWebDriver.execute(RemoteWebDriver.java:543)
at org.openqa.selenium.remote.RemoteWebElement.execute(RemoteWebElement.java:257)
at org.openqa.selenium.remote.RemoteWebElement.click(RemoteWebElement.java:78)
at java.base/jdk.internal.reflect.DirectMethodHandleAccessor.invoke(DirectMethodHandleAccessor.java:104)
at java.base/java.lang.reflect.Method.invoke(Method.java:577)
at org.openqa.selenium.support.pagefactory.internal.LocatingElementHandler.invoke(LocatingElementHandler.java:52)
at jdk.proxy2/jdk.proxy2.$Proxy21.click(Unknown Source)
at com.re.Twinlite.ObjectRepository.RegisterUserPage.RegisterUser(RegisterUserPage.java:86)
at com.re.twinliteTest.VerifyThatUserCanEditTheRegisteredPropertyTest.VerifyThatUserCanEditTheRegisteredPropertyTest(VerifyThatUserCanEditTheRegisteredPropertyTest.java:60)
at java.base/jdk.internal.reflect.DirectMethodHandleAccessor.invoke(DirectMethodHandleAccessor.java:104)
at java.base/java.lang.reflect.Method.invoke(Method.java:577)
at org.testng.internal.MethodInvocationHelper.invokeMethod(MethodInvocationHelper.java:133)
at org.testng.internal.TestInvoker.invokeMethod(TestInvoker.java:598)
at org.testng.internal.TestInvoker.invokeTestMethod(TestInvoker.java:173)
at org.testng.internal.MethodRunner.runInSequence(MethodRunner.java:46)
at org.testng.internal.TestInvoker$MethodInvocationAgent.invoke(TestInvoker.java:824)
at org.testng.internal.TestInvoker.invokeTestMethods(TestInvoker.java:146)
at org.testng.internal.TestMethodWorker.invokeTestMethods(TestMethodWorker.java:146)
at org.testng.internal.TestMethodWorker.run(TestMethodWorker.java:128)
at java.base/java.util.concurrent.ThreadPoolExecutor.runWorker(ThreadPoolExecutor.java:1136)
at java.base/java.util.concurrent.ThreadPoolExecutor$Worker.run(ThreadPoolExecutor.java:635)
at java.base/java.lang.Thread.run(Thread.java:833)
]]>
            </full-stacktrace>
          </exception> <!-- org.openqa.selenium.StaleElementReferenceException -->
          <reporter-output>
          </reporter-output>
        </test-method> <!-- VerifyThatUserCanEditTheRegisteredPropertyTest -->
        <test-method is-config="true" signature="config_BM()[pri:0, instance:com.re.twinliteTest.VerifyThatUserCanEditTheRegisteredPropertyTest@2b662a77]" started-at="2023-05-30T10:57:08 IST" name="config_BM" finished-at="2023-05-30T10:57:08 IST" duration-ms="0" status="PASS">
          <reporter-output>
          </reporter-output>
        </test-method> <!-- config_BM -->
        <test-method is-config="true" signature="config_AM()[pri:0, instance:com.re.twinliteTest.VerifyThatUserCanEditTheRegisteredPropertyTest@2b662a77]" started-at="2023-05-30T10:57:09 IST" name="config_AM" finished-at="2023-05-30T10:57:09 IST" duration-ms="0" status="PASS">
          <reporter-output>
          </reporter-output>
        </test-method> <!-- config_AM -->
      </class> <!-- com.re.twinliteTest.VerifyThatUserCanEditTheRegisteredPropertyTest -->
    </test> <!-- Test -->
  </suite> <!-- Suite -->
</testng-results>
