<?xml version="1.0" encoding="UTF-8"?>
<!-- Generated by org.testng.reporters.JUnitXMLReporter -->
<testsuite ignored="24" hostname="LAPTOP-DE7E5JDU" failures="3" tests="5" name="Test" time="9.809" errors="0" timestamp="2023-05-30T10:57:16 IST">
  <testcase classname="com.re.twinliteTest.VerifyThatAdminEditTheDetailsOfTheRegisteredPropertyTest" name="VerifyThatAdminEditTheDetailsOfTheRegisteredPropertyTest" time="0.927">
    <skipped/>
  </testcase> <!-- VerifyThatAdminEditTheDetailsOfTheRegisteredPropertyTest -->
  <testcase classname="com.re.twinliteTest.VerifyTheAdminCanSeeListOfApartmentDetailsOnClickingRoomsForRentButtonTest" name="VerifyTheAdminCanSeeListOfApartmentDetailsOnClickingRoomsForRentButtonTest" time="0.926">
    <failure type="org.openqa.selenium.StaleElementReferenceException" message="stale element reference: stale element not found
  (Session info: chrome=113.0.5672.127)
For documentation on this error, please visit: https://selenium.dev/exceptions/#stale_element_reference
Build info: version: &amp;apos;4.9.1&amp;apos;, revision: &amp;apos;eb2032df7f&amp;apos;
System info: os.name: &amp;apos;Windows 11&amp;apos;, os.arch: &amp;apos;amd64&amp;apos;, os.version: &amp;apos;10.0&amp;apos;, java.version: &amp;apos;18.0.2&amp;apos;
Driver info: org.openqa.selenium.chrome.ChromeDriver
Command: [fda28b21a48cf5ed3de25c50c8ec4656, clickElement {id=792FAE543C5B1CFAD6E67DC17FA7991C_element_6}]
Capabilities {acceptInsecureCerts: false, browserName: chrome, browserVersion: 113.0.5672.127, chrome: {chromedriverVersion: 113.0.5672.63 (0e1a4471d5ae..., userDataDir: C:\Users\sagar\AppData\Loca...}, goog:chromeOptions: {debuggerAddress: localhost:60690}, networkConnectionEnabled: false, pageLoadStrategy: normal, platformName: windows, proxy: Proxy(), se:cdp: ws://localhost:60690/devtoo..., se:cdpVersion: 113.0.5672.127, setWindowRect: true, strictFileInteractability: false, timeouts: {implicit: 0, pageLoad: 300000, script: 30000}, unhandledPromptBehavior: dismiss and notify, webauthn:extension:credBlob: true, webauthn:extension:largeBlob: true, webauthn:extension:minPinLength: true, webauthn:extension:prf: true, webauthn:virtualAuthenticators: true}
Element: [[ChromeDriver: chrome on windows (fda28b21a48cf5ed3de25c50c8ec4656)] -&amp;gt; xpath: //a[.=&amp;apos;Register&amp;apos;]]
Session ID: fda28b21a48cf5ed3de25c50c8ec4656">
      <![CDATA[org.openqa.selenium.StaleElementReferenceException: stale element reference: stale element not found
  (Session info: chrome=113.0.5672.127)
For documentation on this error, please visit: https://selenium.dev/exceptions/#stale_element_reference
Build info: version: '4.9.1', revision: 'eb2032df7f'
System info: os.name: 'Windows 11', os.arch: 'amd64', os.version: '10.0', java.version: '18.0.2'
Driver info: org.openqa.selenium.chrome.ChromeDriver
Command: [fda28b21a48cf5ed3de25c50c8ec4656, clickElement {id=792FAE543C5B1CFAD6E67DC17FA7991C_element_6}]
Capabilities {acceptInsecureCerts: false, browserName: chrome, browserVersion: 113.0.5672.127, chrome: {chromedriverVersion: 113.0.5672.63 (0e1a4471d5ae..., userDataDir: C:\Users\sagar\AppData\Loca...}, goog:chromeOptions: {debuggerAddress: localhost:60690}, networkConnectionEnabled: false, pageLoadStrategy: normal, platformName: windows, proxy: Proxy(), se:cdp: ws://localhost:60690/devtoo..., se:cdpVersion: 113.0.5672.127, setWindowRect: true, strictFileInteractability: false, timeouts: {implicit: 0, pageLoad: 300000, script: 30000}, unhandledPromptBehavior: dismiss and notify, webauthn:extension:credBlob: true, webauthn:extension:largeBlob: true, webauthn:extension:minPinLength: true, webauthn:extension:prf: true, webauthn:virtualAuthenticators: true}
Element: [[ChromeDriver: chrome on windows (fda28b21a48cf5ed3de25c50c8ec4656)] -> xpath: //a[.='Register']]
Session ID: fda28b21a48cf5ed3de25c50c8ec4656
at org.openqa.selenium.remote.codec.w3c.W3CHttpResponseCodec.createException(W3CHttpResponseCodec.java:200)
at org.openqa.selenium.remote.codec.w3c.W3CHttpResponseCodec.decode(W3CHttpResponseCodec.java:133)
at org.openqa.selenium.remote.codec.w3c.W3CHttpResponseCodec.decode(W3CHttpResponseCodec.java:53)
at org.openqa.selenium.remote.HttpCommandExecutor.execute(HttpCommandExecutor.java:193)
at org.openqa.selenium.remote.service.DriverCommandExecutor.invokeExecute(DriverCommandExecutor.java:183)
at org.openqa.selenium.remote.service.DriverCommandExecutor.execute(DriverCommandExecutor.java:158)
at org.openqa.selenium.remote.RemoteWebDriver.execute(RemoteWebDriver.java:543)
at org.openqa.selenium.remote.RemoteWebElement.execute(RemoteWebElement.java:257)
at org.openqa.selenium.remote.RemoteWebElement.click(RemoteWebElement.java:78)
at org.openqa.selenium.support.pagefactory.internal.LocatingElementHandler.invoke(LocatingElementHandler.java:52)
at jdk.proxy2/jdk.proxy2.$Proxy21.click(Unknown Source)
at com.re.Twinlite.ObjectRepository.RegisterUserPage.RegisterUser(RegisterUserPage.java:86)
at com.re.twinliteTest.VerifyTheAdminCanSeeListOfApartmentDetailsOnClickingRoomsForRentButtonTest.VerifyTheAdminCanSeeListOfApartmentDetailsOnClickingRoomsForRentButtonTest(VerifyTheAdminCanSeeListOfApartmentDetailsOnClickingRoomsForRentButtonTest.java:42)
at java.base/java.util.concurrent.ThreadPoolExecutor.runWorker(ThreadPoolExecutor.java:1136)
at java.base/java.util.concurrent.ThreadPoolExecutor$Worker.run(ThreadPoolExecutor.java:635)
at java.base/java.lang.Thread.run(Thread.java:833)
... Removed 15 stack frames]]>
    </failure>
  </testcase> <!-- VerifyTheAdminCanSeeListOfApartmentDetailsOnClickingRoomsForRentButtonTest -->
  <testcase classname="com.re.twinliteTest.VerifyThatUserCanEditTheRegisteredPropertyTest" name="VerifyThatUserCanEditTheRegisteredPropertyTest" time="0.926">
    <failure type="org.openqa.selenium.StaleElementReferenceException" message="stale element reference: stale element not found
  (Session info: chrome=113.0.5672.127)
For documentation on this error, please visit: https://selenium.dev/exceptions/#stale_element_reference
Build info: version: &amp;apos;4.9.1&amp;apos;, revision: &amp;apos;eb2032df7f&amp;apos;
System info: os.name: &amp;apos;Windows 11&amp;apos;, os.arch: &amp;apos;amd64&amp;apos;, os.version: &amp;apos;10.0&amp;apos;, java.version: &amp;apos;18.0.2&amp;apos;
Driver info: org.openqa.selenium.chrome.ChromeDriver
Command: [fda28b21a48cf5ed3de25c50c8ec4656, clickElement {id=792FAE543C5B1CFAD6E67DC17FA7991C_element_6}]
Capabilities {acceptInsecureCerts: false, browserName: chrome, browserVersion: 113.0.5672.127, chrome: {chromedriverVersion: 113.0.5672.63 (0e1a4471d5ae..., userDataDir: C:\Users\sagar\AppData\Loca...}, goog:chromeOptions: {debuggerAddress: localhost:60690}, networkConnectionEnabled: false, pageLoadStrategy: normal, platformName: windows, proxy: Proxy(), se:cdp: ws://localhost:60690/devtoo..., se:cdpVersion: 113.0.5672.127, setWindowRect: true, strictFileInteractability: false, timeouts: {implicit: 0, pageLoad: 300000, script: 30000}, unhandledPromptBehavior: dismiss and notify, webauthn:extension:credBlob: true, webauthn:extension:largeBlob: true, webauthn:extension:minPinLength: true, webauthn:extension:prf: true, webauthn:virtualAuthenticators: true}
Element: [[ChromeDriver: chrome on windows (fda28b21a48cf5ed3de25c50c8ec4656)] -&amp;gt; xpath: //a[.=&amp;apos;Register&amp;apos;]]
Session ID: fda28b21a48cf5ed3de25c50c8ec4656">
      <![CDATA[org.openqa.selenium.StaleElementReferenceException: stale element reference: stale element not found
  (Session info: chrome=113.0.5672.127)
For documentation on this error, please visit: https://selenium.dev/exceptions/#stale_element_reference
Build info: version: '4.9.1', revision: 'eb2032df7f'
System info: os.name: 'Windows 11', os.arch: 'amd64', os.version: '10.0', java.version: '18.0.2'
Driver info: org.openqa.selenium.chrome.ChromeDriver
Command: [fda28b21a48cf5ed3de25c50c8ec4656, clickElement {id=792FAE543C5B1CFAD6E67DC17FA7991C_element_6}]
Capabilities {acceptInsecureCerts: false, browserName: chrome, browserVersion: 113.0.5672.127, chrome: {chromedriverVersion: 113.0.5672.63 (0e1a4471d5ae..., userDataDir: C:\Users\sagar\AppData\Loca...}, goog:chromeOptions: {debuggerAddress: localhost:60690}, networkConnectionEnabled: false, pageLoadStrategy: normal, platformName: windows, proxy: Proxy(), se:cdp: ws://localhost:60690/devtoo..., se:cdpVersion: 113.0.5672.127, setWindowRect: true, strictFileInteractability: false, timeouts: {implicit: 0, pageLoad: 300000, script: 30000}, unhandledPromptBehavior: dismiss and notify, webauthn:extension:credBlob: true, webauthn:extension:largeBlob: true, webauthn:extension:minPinLength: true, webauthn:extension:prf: true, webauthn:virtualAuthenticators: true}
Element: [[ChromeDriver: chrome on windows (fda28b21a48cf5ed3de25c50c8ec4656)] -> xpath: //a[.='Register']]
Session ID: fda28b21a48cf5ed3de25c50c8ec4656
at org.openqa.selenium.remote.codec.w3c.W3CHttpResponseCodec.createException(W3CHttpResponseCodec.java:200)
at org.openqa.selenium.remote.codec.w3c.W3CHttpResponseCodec.decode(W3CHttpResponseCodec.java:133)
at org.openqa.selenium.remote.codec.w3c.W3CHttpResponseCodec.decode(W3CHttpResponseCodec.java:53)
at org.openqa.selenium.remote.HttpCommandExecutor.execute(HttpCommandExecutor.java:193)
at org.openqa.selenium.remote.service.DriverCommandExecutor.invokeExecute(DriverCommandExecutor.java:183)
at org.openqa.selenium.remote.service.DriverCommandExecutor.execute(DriverCommandExecutor.java:158)
at org.openqa.selenium.remote.RemoteWebDriver.execute(RemoteWebDriver.java:543)
at org.openqa.selenium.remote.RemoteWebElement.execute(RemoteWebElement.java:257)
at org.openqa.selenium.remote.RemoteWebElement.click(RemoteWebElement.java:78)
at org.openqa.selenium.support.pagefactory.internal.LocatingElementHandler.invoke(LocatingElementHandler.java:52)
at jdk.proxy2/jdk.proxy2.$Proxy21.click(Unknown Source)
at com.re.Twinlite.ObjectRepository.RegisterUserPage.RegisterUser(RegisterUserPage.java:86)
at com.re.twinliteTest.VerifyThatUserCanEditTheRegisteredPropertyTest.VerifyThatUserCanEditTheRegisteredPropertyTest(VerifyThatUserCanEditTheRegisteredPropertyTest.java:60)
at java.base/java.util.concurrent.ThreadPoolExecutor.runWorker(ThreadPoolExecutor.java:1136)
at java.base/java.util.concurrent.ThreadPoolExecutor$Worker.run(ThreadPoolExecutor.java:635)
at java.base/java.lang.Thread.run(Thread.java:833)
... Removed 15 stack frames]]>
    </failure>
  </testcase> <!-- VerifyThatUserCanEditTheRegisteredPropertyTest -->
  <testcase classname="com.re.twinliteTest.VerifyThatAdminCanFileAComplaintForTheRegisteredPropertyTest" name="VerifyThatAdminCanFileAComplaintForTheRegisteredPropertyTest" time="0.939">
    <failure type="org.openqa.selenium.StaleElementReferenceException" message="stale element reference: stale element not found
  (Session info: chrome=113.0.5672.127)
For documentation on this error, please visit: https://selenium.dev/exceptions/#stale_element_reference
Build info: version: &amp;apos;4.9.1&amp;apos;, revision: &amp;apos;eb2032df7f&amp;apos;
System info: os.name: &amp;apos;Windows 11&amp;apos;, os.arch: &amp;apos;amd64&amp;apos;, os.version: &amp;apos;10.0&amp;apos;, java.version: &amp;apos;18.0.2&amp;apos;
Driver info: org.openqa.selenium.chrome.ChromeDriver
Command: [fda28b21a48cf5ed3de25c50c8ec4656, clickElement {id=792FAE543C5B1CFAD6E67DC17FA7991C_element_6}]
Capabilities {acceptInsecureCerts: false, browserName: chrome, browserVersion: 113.0.5672.127, chrome: {chromedriverVersion: 113.0.5672.63 (0e1a4471d5ae..., userDataDir: C:\Users\sagar\AppData\Loca...}, goog:chromeOptions: {debuggerAddress: localhost:60690}, networkConnectionEnabled: false, pageLoadStrategy: normal, platformName: windows, proxy: Proxy(), se:cdp: ws://localhost:60690/devtoo..., se:cdpVersion: 113.0.5672.127, setWindowRect: true, strictFileInteractability: false, timeouts: {implicit: 0, pageLoad: 300000, script: 30000}, unhandledPromptBehavior: dismiss and notify, webauthn:extension:credBlob: true, webauthn:extension:largeBlob: true, webauthn:extension:minPinLength: true, webauthn:extension:prf: true, webauthn:virtualAuthenticators: true}
Element: [[ChromeDriver: chrome on windows (fda28b21a48cf5ed3de25c50c8ec4656)] -&amp;gt; xpath: //a[.=&amp;apos;Register&amp;apos;]]
Session ID: fda28b21a48cf5ed3de25c50c8ec4656">
      <![CDATA[org.openqa.selenium.StaleElementReferenceException: stale element reference: stale element not found
  (Session info: chrome=113.0.5672.127)
For documentation on this error, please visit: https://selenium.dev/exceptions/#stale_element_reference
Build info: version: '4.9.1', revision: 'eb2032df7f'
System info: os.name: 'Windows 11', os.arch: 'amd64', os.version: '10.0', java.version: '18.0.2'
Driver info: org.openqa.selenium.chrome.ChromeDriver
Command: [fda28b21a48cf5ed3de25c50c8ec4656, clickElement {id=792FAE543C5B1CFAD6E67DC17FA7991C_element_6}]
Capabilities {acceptInsecureCerts: false, browserName: chrome, browserVersion: 113.0.5672.127, chrome: {chromedriverVersion: 113.0.5672.63 (0e1a4471d5ae..., userDataDir: C:\Users\sagar\AppData\Loca...}, goog:chromeOptions: {debuggerAddress: localhost:60690}, networkConnectionEnabled: false, pageLoadStrategy: normal, platformName: windows, proxy: Proxy(), se:cdp: ws://localhost:60690/devtoo..., se:cdpVersion: 113.0.5672.127, setWindowRect: true, strictFileInteractability: false, timeouts: {implicit: 0, pageLoad: 300000, script: 30000}, unhandledPromptBehavior: dismiss and notify, webauthn:extension:credBlob: true, webauthn:extension:largeBlob: true, webauthn:extension:minPinLength: true, webauthn:extension:prf: true, webauthn:virtualAuthenticators: true}
Element: [[ChromeDriver: chrome on windows (fda28b21a48cf5ed3de25c50c8ec4656)] -> xpath: //a[.='Register']]
Session ID: fda28b21a48cf5ed3de25c50c8ec4656
at org.openqa.selenium.remote.codec.w3c.W3CHttpResponseCodec.createException(W3CHttpResponseCodec.java:200)
at org.openqa.selenium.remote.codec.w3c.W3CHttpResponseCodec.decode(W3CHttpResponseCodec.java:133)
at org.openqa.selenium.remote.codec.w3c.W3CHttpResponseCodec.decode(W3CHttpResponseCodec.java:53)
at org.openqa.selenium.remote.HttpCommandExecutor.execute(HttpCommandExecutor.java:193)
at org.openqa.selenium.remote.service.DriverCommandExecutor.invokeExecute(DriverCommandExecutor.java:183)
at org.openqa.selenium.remote.service.DriverCommandExecutor.execute(DriverCommandExecutor.java:158)
at org.openqa.selenium.remote.RemoteWebDriver.execute(RemoteWebDriver.java:543)
at org.openqa.selenium.remote.RemoteWebElement.execute(RemoteWebElement.java:257)
at org.openqa.selenium.remote.RemoteWebElement.click(RemoteWebElement.java:78)
at org.openqa.selenium.support.pagefactory.internal.LocatingElementHandler.invoke(LocatingElementHandler.java:52)
at jdk.proxy2/jdk.proxy2.$Proxy21.click(Unknown Source)
at com.re.Twinlite.ObjectRepository.RegisterUserPage.RegisterUser(RegisterUserPage.java:86)
at com.re.twinliteTest.VerifyThatAdminCanFileAComplaintForTheRegisteredPropertyTest.VerifyThatAdminCanFileAComplaintForTheRegisteredPropertyTest(VerifyThatAdminCanFileAComplaintForTheRegisteredPropertyTest.java:52)
at java.base/java.util.concurrent.ThreadPoolExecutor.runWorker(ThreadPoolExecutor.java:1136)
at java.base/java.util.concurrent.ThreadPoolExecutor$Worker.run(ThreadPoolExecutor.java:635)
at java.base/java.lang.Thread.run(Thread.java:833)
... Removed 15 stack frames]]>
    </failure>
  </testcase> <!-- VerifyThatAdminCanFileAComplaintForTheRegisteredPropertyTest -->
  <testcase classname="com.re.twinliteTest.VerifyThatAdminEditTheDetailsOfTheRegisteredPropertyTest" name="VerifyThatAdminEditTheDetailsOfTheRegisteredPropertyTest" time="6.738">
    <skipped/>
  </testcase> <!-- VerifyThatAdminEditTheDetailsOfTheRegisteredPropertyTest -->
  <testcase classname="com.re.TwinliteGenericUtilities.BaseClass" name="@BeforeSuite config_BS" time="0.0">
    <ignored/>
  </testcase> <!-- @BeforeSuite config_BS -->
  <testcase classname="com.re.TwinliteGenericUtilities.BaseClass" name="@BeforeSuite config_BS" time="0.0">
    <ignored/>
  </testcase> <!-- @BeforeSuite config_BS -->
  <testcase classname="com.re.TwinliteGenericUtilities.BaseClass" name="@BeforeSuite config_BS" time="0.0">
    <ignored/>
  </testcase> <!-- @BeforeSuite config_BS -->
  <testcase classname="com.re.TwinliteGenericUtilities.BaseClass" name="@BeforeSuite config_BS" time="0.0">
    <ignored/>
  </testcase> <!-- @BeforeSuite config_BS -->
  <testcase classname="com.re.TwinliteGenericUtilities.BaseClass" name="@BeforeSuite config_BS" time="0.0">
    <ignored/>
  </testcase> <!-- @BeforeSuite config_BS -->
  <testcase classname="com.re.TwinliteGenericUtilities.BaseClass" name="@BeforeSuite config_BS" time="0.0">
    <ignored/>
  </testcase> <!-- @BeforeSuite config_BS -->
  <testcase classname="com.re.TwinliteGenericUtilities.BaseClass" name="@AfterSuite config_AS" time="0.0">
    <ignored/>
  </testcase> <!-- @AfterSuite config_AS -->
  <testcase classname="com.re.TwinliteGenericUtilities.BaseClass" name="@AfterSuite config_AS" time="0.0">
    <ignored/>
  </testcase> <!-- @AfterSuite config_AS -->
  <testcase classname="com.re.TwinliteGenericUtilities.BaseClass" name="@AfterSuite config_AS" time="0.0">
    <ignored/>
  </testcase> <!-- @AfterSuite config_AS -->
  <testcase classname="com.re.TwinliteGenericUtilities.BaseClass" name="@AfterSuite config_AS" time="0.0">
    <ignored/>
  </testcase> <!-- @AfterSuite config_AS -->
  <testcase classname="com.re.TwinliteGenericUtilities.BaseClass" name="@AfterSuite config_AS" time="0.0">
    <ignored/>
  </testcase> <!-- @AfterSuite config_AS -->
  <testcase classname="com.re.TwinliteGenericUtilities.BaseClass" name="@AfterSuite config_AS" time="0.0">
    <ignored/>
  </testcase> <!-- @AfterSuite config_AS -->
  <testcase classname="com.re.TwinliteGenericUtilities.BaseClass" name="@BeforeTest config_BC" time="0.0">
    <ignored/>
  </testcase> <!-- @BeforeTest config_BC -->
  <testcase classname="com.re.TwinliteGenericUtilities.BaseClass" name="@BeforeTest config_BC" time="0.0">
    <ignored/>
  </testcase> <!-- @BeforeTest config_BC -->
  <testcase classname="com.re.TwinliteGenericUtilities.BaseClass" name="@BeforeTest config_BC" time="0.0">
    <ignored/>
  </testcase> <!-- @BeforeTest config_BC -->
  <testcase classname="com.re.TwinliteGenericUtilities.BaseClass" name="@BeforeTest config_BC" time="0.0">
    <ignored/>
  </testcase> <!-- @BeforeTest config_BC -->
  <testcase classname="com.re.TwinliteGenericUtilities.BaseClass" name="@BeforeTest config_BC" time="0.0">
    <ignored/>
  </testcase> <!-- @BeforeTest config_BC -->
  <testcase classname="com.re.TwinliteGenericUtilities.BaseClass" name="@BeforeTest config_BC" time="0.0">
    <ignored/>
  </testcase> <!-- @BeforeTest config_BC -->
  <testcase classname="com.re.TwinliteGenericUtilities.BaseClass" name="@AfterTest config_AC" time="0.0">
    <ignored/>
  </testcase> <!-- @AfterTest config_AC -->
  <testcase classname="com.re.TwinliteGenericUtilities.BaseClass" name="@AfterTest config_AC" time="0.0">
    <ignored/>
  </testcase> <!-- @AfterTest config_AC -->
  <testcase classname="com.re.TwinliteGenericUtilities.BaseClass" name="@AfterTest config_AC" time="0.0">
    <ignored/>
  </testcase> <!-- @AfterTest config_AC -->
  <testcase classname="com.re.TwinliteGenericUtilities.BaseClass" name="@AfterTest config_AC" time="0.0">
    <ignored/>
  </testcase> <!-- @AfterTest config_AC -->
  <testcase classname="com.re.TwinliteGenericUtilities.BaseClass" name="@AfterTest config_AC" time="0.0">
    <ignored/>
  </testcase> <!-- @AfterTest config_AC -->
  <testcase classname="com.re.TwinliteGenericUtilities.BaseClass" name="@AfterTest config_AC" time="0.0">
    <ignored/>
  </testcase> <!-- @AfterTest config_AC -->
</testsuite> <!-- Test -->
